2021-03-22 14:22:43.620 INFO  [main]com.jg.blog.BlogApplication.logStarting:55 -Starting BlogApplication on DESKTOP-N5FMSO0 with PID 24212 (F:\it\myBlog\blog\target\classes started by heqize in F:\it\myBlog\blog)
2021-03-22 14:22:43.673 INFO  [main]com.jg.blog.BlogApplication.logStartupProfileInfo:655 -The following profiles are active: dev
2021-03-22 14:22:45.768 INFO  [main]o.s.d.repository.config.RepositoryConfigurationDelegate.registerRepositoriesIn:127 -Bootstrapping Spring Data MongoDB repositories in DEFAULT mode.
2021-03-22 14:22:45.902 INFO  [main]o.s.d.repository.config.RepositoryConfigurationDelegate.registerRepositoriesIn:187 -Finished Spring Data repository scanning in 113ms. Found 4 MongoDB repository interfaces.
2021-03-22 14:22:46.613 INFO  [main]o.s.c.s.PostProcessorRegistrationDelegate$BeanPostProcessorChecker.postProcessAfterInitialization:330 -Bean 'org.springframework.transaction.annotation.ProxyTransactionManagementConfiguration' of type [org.springframework.transaction.annotation.ProxyTransactionManagementConfiguration] is not eligible for getting processed by all BeanPostProcessors (for example: not eligible for auto-proxying)
2021-03-22 14:22:46.802 INFO  [main]o.s.c.s.PostProcessorRegistrationDelegate$BeanPostProcessorChecker.postProcessAfterInitialization:330 -Bean 'shiroConfig' of type [com.jg.blog.config.ShiroConfig$$EnhancerBySpringCGLIB$$2599a95d] is not eligible for getting processed by all BeanPostProcessors (for example: not eligible for auto-proxying)
2021-03-22 14:22:46.875 INFO  [main]o.s.c.s.PostProcessorRegistrationDelegate$BeanPostProcessorChecker.postProcessAfterInitialization:330 -Bean 'mybatis-org.mybatis.spring.boot.autoconfigure.MybatisProperties' of type [org.mybatis.spring.boot.autoconfigure.MybatisProperties] is not eligible for getting processed by all BeanPostProcessors (for example: not eligible for auto-proxying)
2021-03-22 14:22:46.886 INFO  [main]o.s.c.s.PostProcessorRegistrationDelegate$BeanPostProcessorChecker.postProcessAfterInitialization:330 -Bean 'org.mybatis.spring.boot.autoconfigure.MybatisAutoConfiguration' of type [org.mybatis.spring.boot.autoconfigure.MybatisAutoConfiguration$$EnhancerBySpringCGLIB$$bece7d9] is not eligible for getting processed by all BeanPostProcessors (for example: not eligible for auto-proxying)
2021-03-22 14:22:46.890 INFO  [main]o.s.c.s.PostProcessorRegistrationDelegate$BeanPostProcessorChecker.postProcessAfterInitialization:330 -Bean 'com.alibaba.druid.spring.boot.autoconfigure.DruidDataSourceAutoConfigure' of type [com.alibaba.druid.spring.boot.autoconfigure.DruidDataSourceAutoConfigure$$EnhancerBySpringCGLIB$$f2c48c1b] is not eligible for getting processed by all BeanPostProcessors (for example: not eligible for auto-proxying)
2021-03-22 14:22:46.894 INFO  [main]c.a.d.s.boot.autoconfigure.DruidDataSourceAutoConfigure.dataSource:56 -Init DruidDataSource
2021-03-22 14:22:46.987 INFO  [main]o.s.c.s.PostProcessorRegistrationDelegate$BeanPostProcessorChecker.postProcessAfterInitialization:330 -Bean 'spring.datasource-org.springframework.boot.autoconfigure.jdbc.DataSourceProperties' of type [org.springframework.boot.autoconfigure.jdbc.DataSourceProperties] is not eligible for getting processed by all BeanPostProcessors (for example: not eligible for auto-proxying)
2021-03-22 14:22:47.001 INFO  [main]o.s.c.s.PostProcessorRegistrationDelegate$BeanPostProcessorChecker.postProcessAfterInitialization:330 -Bean 'com.alibaba.druid.spring.boot.autoconfigure.stat.DruidFilterConfiguration' of type [com.alibaba.druid.spring.boot.autoconfigure.stat.DruidFilterConfiguration] is not eligible for getting processed by all BeanPostProcessors (for example: not eligible for auto-proxying)
2021-03-22 14:22:47.031 INFO  [main]o.s.c.s.PostProcessorRegistrationDelegate$BeanPostProcessorChecker.postProcessAfterInitialization:330 -Bean 'statFilter' of type [com.alibaba.druid.filter.stat.StatFilter] is not eligible for getting processed by all BeanPostProcessors (for example: not eligible for auto-proxying)
2021-03-22 14:22:49.525 INFO  [main]com.alibaba.druid.pool.DruidDataSource.init:930 -{dataSource-1} inited
2021-03-22 14:22:49.526 INFO  [main]o.s.c.s.PostProcessorRegistrationDelegate$BeanPostProcessorChecker.postProcessAfterInitialization:330 -Bean 'dataSource' of type [com.alibaba.druid.spring.boot.autoconfigure.DruidDataSourceWrapper] is not eligible for getting processed by all BeanPostProcessors (for example: not eligible for auto-proxying)
2021-03-22 14:22:49.609 INFO  [main]o.s.c.s.PostProcessorRegistrationDelegate$BeanPostProcessorChecker.postProcessAfterInitialization:330 -Bean 'org.springframework.boot.autoconfigure.jdbc.DataSourceInitializerInvoker' of type [org.springframework.boot.autoconfigure.jdbc.DataSourceInitializerInvoker] is not eligible for getting processed by all BeanPostProcessors (for example: not eligible for auto-proxying)
2021-03-22 14:22:49.961 INFO  [main]o.s.c.s.PostProcessorRegistrationDelegate$BeanPostProcessorChecker.postProcessAfterInitialization:330 -Bean 'sqlSessionFactory' of type [org.apache.ibatis.session.defaults.DefaultSqlSessionFactory] is not eligible for getting processed by all BeanPostProcessors (for example: not eligible for auto-proxying)
2021-03-22 14:22:49.970 INFO  [main]o.s.c.s.PostProcessorRegistrationDelegate$BeanPostProcessorChecker.postProcessAfterInitialization:330 -Bean 'sqlSessionTemplate' of type [org.mybatis.spring.SqlSessionTemplate] is not eligible for getting processed by all BeanPostProcessors (for example: not eligible for auto-proxying)
2021-03-22 14:22:49.979 INFO  [main]o.s.c.s.PostProcessorRegistrationDelegate$BeanPostProcessorChecker.postProcessAfterInitialization:330 -Bean 'adminMapper' of type [org.mybatis.spring.mapper.MapperFactoryBean] is not eligible for getting processed by all BeanPostProcessors (for example: not eligible for auto-proxying)
2021-03-22 14:22:49.984 INFO  [main]o.s.c.s.PostProcessorRegistrationDelegate$BeanPostProcessorChecker.postProcessAfterInitialization:330 -Bean 'adminMapper' of type [com.sun.proxy.$Proxy87] is not eligible for getting processed by all BeanPostProcessors (for example: not eligible for auto-proxying)
2021-03-22 14:22:49.986 INFO  [main]o.s.c.s.PostProcessorRegistrationDelegate$BeanPostProcessorChecker.postProcessAfterInitialization:330 -Bean 'adminServiceImpl' of type [com.jg.blog.service.impl.AdminServiceImpl] is not eligible for getting processed by all BeanPostProcessors (for example: not eligible for auto-proxying)
2021-03-22 14:22:49.991 INFO  [main]o.s.c.s.PostProcessorRegistrationDelegate$BeanPostProcessorChecker.postProcessAfterInitialization:330 -Bean 'userMapper' of type [org.mybatis.spring.mapper.MapperFactoryBean] is not eligible for getting processed by all BeanPostProcessors (for example: not eligible for auto-proxying)
2021-03-22 14:22:49.992 INFO  [main]o.s.c.s.PostProcessorRegistrationDelegate$BeanPostProcessorChecker.postProcessAfterInitialization:330 -Bean 'userMapper' of type [com.sun.proxy.$Proxy89] is not eligible for getting processed by all BeanPostProcessors (for example: not eligible for auto-proxying)
2021-03-22 14:22:50.020 INFO  [main]o.s.c.s.PostProcessorRegistrationDelegate$BeanPostProcessorChecker.postProcessAfterInitialization:330 -Bean '(inner bean)#1e1e837d' of type [org.springframework.beans.factory.config.PropertiesFactoryBean] is not eligible for getting processed by all BeanPostProcessors (for example: not eligible for auto-proxying)
2021-03-22 14:22:50.023 INFO  [main]o.s.c.s.PostProcessorRegistrationDelegate$BeanPostProcessorChecker.postProcessAfterInitialization:330 -Bean '(inner bean)#1e1e837d' of type [java.util.Properties] is not eligible for getting processed by all BeanPostProcessors (for example: not eligible for auto-proxying)
2021-03-22 14:22:50.062 INFO  [main]o.s.c.s.PostProcessorRegistrationDelegate$BeanPostProcessorChecker.postProcessAfterInitialization:330 -Bean '(inner bean)#5b29ab61' of type [org.springframework.data.repository.core.support.PropertiesBasedNamedQueries] is not eligible for getting processed by all BeanPostProcessors (for example: not eligible for auto-proxying)
2021-03-22 14:22:50.079 INFO  [main]o.s.c.s.PostProcessorRegistrationDelegate$BeanPostProcessorChecker.postProcessAfterInitialization:330 -Bean '(inner bean)#5e85c21b' of type [org.springframework.data.repository.core.support.RepositoryFragmentsFactoryBean] is not eligible for getting processed by all BeanPostProcessors (for example: not eligible for auto-proxying)
2021-03-22 14:22:50.083 INFO  [main]o.s.c.s.PostProcessorRegistrationDelegate$BeanPostProcessorChecker.postProcessAfterInitialization:330 -Bean '(inner bean)#5e85c21b' of type [org.springframework.data.repository.core.support.RepositoryComposition$RepositoryFragments] is not eligible for getting processed by all BeanPostProcessors (for example: not eligible for auto-proxying)
2021-03-22 14:22:50.107 INFO  [main]o.s.c.s.PostProcessorRegistrationDelegate$BeanPostProcessorChecker.postProcessAfterInitialization:330 -Bean 'spring.data.mongodb-org.springframework.boot.autoconfigure.mongo.MongoProperties' of type [org.springframework.boot.autoconfigure.mongo.MongoProperties] is not eligible for getting processed by all BeanPostProcessors (for example: not eligible for auto-proxying)
2021-03-22 14:22:50.109 INFO  [main]o.s.c.s.PostProcessorRegistrationDelegate$BeanPostProcessorChecker.postProcessAfterInitialization:330 -Bean 'org.springframework.boot.autoconfigure.data.mongo.MongoDbFactoryDependentConfiguration' of type [org.springframework.boot.autoconfigure.data.mongo.MongoDbFactoryDependentConfiguration] is not eligible for getting processed by all BeanPostProcessors (for example: not eligible for auto-proxying)
2021-03-22 14:22:50.111 INFO  [main]o.s.c.s.PostProcessorRegistrationDelegate$BeanPostProcessorChecker.postProcessAfterInitialization:330 -Bean 'org.springframework.boot.autoconfigure.data.mongo.MongoDbFactoryConfiguration' of type [org.springframework.boot.autoconfigure.data.mongo.MongoDbFactoryConfiguration] is not eligible for getting processed by all BeanPostProcessors (for example: not eligible for auto-proxying)
2021-03-22 14:22:50.113 INFO  [main]o.s.c.s.PostProcessorRegistrationDelegate$BeanPostProcessorChecker.postProcessAfterInitialization:330 -Bean 'org.springframework.boot.autoconfigure.mongo.MongoAutoConfiguration' of type [org.springframework.boot.autoconfigure.mongo.MongoAutoConfiguration] is not eligible for getting processed by all BeanPostProcessors (for example: not eligible for auto-proxying)
2021-03-22 14:22:50.381 INFO  [main]org.mongodb.driver.cluster.info:71 -Cluster created with settings {hosts=[47.102.115.146:27017], mode=MULTIPLE, requiredClusterType=UNKNOWN, serverSelectionTimeout='30000 ms', maxWaitQueueSize=500}
2021-03-22 14:22:50.381 INFO  [main]org.mongodb.driver.cluster.info:71 -Adding discovered server 47.102.115.146:27017 to client view of cluster
2021-03-22 14:22:50.437 INFO  [main]o.s.c.s.PostProcessorRegistrationDelegate$BeanPostProcessorChecker.postProcessAfterInitialization:330 -Bean 'mongo' of type [com.mongodb.MongoClient] is not eligible for getting processed by all BeanPostProcessors (for example: not eligible for auto-proxying)
2021-03-22 14:22:50.462 INFO  [main]o.s.c.s.PostProcessorRegistrationDelegate$BeanPostProcessorChecker.postProcessAfterInitialization:330 -Bean 'mongoDbFactory' of type [org.springframework.data.mongodb.core.SimpleMongoDbFactory] is not eligible for getting processed by all BeanPostProcessors (for example: not eligible for auto-proxying)
2021-03-22 14:22:50.471 INFO  [main]o.s.c.s.PostProcessorRegistrationDelegate$BeanPostProcessorChecker.postProcessAfterInitialization:330 -Bean 'org.springframework.boot.autoconfigure.data.mongo.MongoDataConfiguration' of type [org.springframework.boot.autoconfigure.data.mongo.MongoDataConfiguration] is not eligible for getting processed by all BeanPostProcessors (for example: not eligible for auto-proxying)
2021-03-22 14:22:50.525 INFO  [cluster-ClusterId{value='605837ba427ea92a3b4a6cf5', description='null'}-47.102.115.146:27017]org.mongodb.driver.connection.info:71 -Opened connection [connectionId{localValue:1, serverValue:2553}] to 47.102.115.146:27017
2021-03-22 14:22:50.546 INFO  [cluster-ClusterId{value='605837ba427ea92a3b4a6cf5', description='null'}-47.102.115.146:27017]org.mongodb.driver.cluster.info:71 -Monitor thread successfully connected to server with description ServerDescription{address=47.102.115.146:27017, type=STANDALONE, state=CONNECTED, ok=true, version=ServerVersion{versionList=[4, 0, 19]}, minWireVersion=0, maxWireVersion=7, maxDocumentSize=16777216, logicalSessionTimeoutMinutes=30, roundTripTimeNanos=18664300}
2021-03-22 14:22:50.548 INFO  [cluster-ClusterId{value='605837ba427ea92a3b4a6cf5', description='null'}-47.102.115.146:27017]org.mongodb.driver.cluster.info:71 -Discovered cluster type of STANDALONE
2021-03-22 14:22:50.710 INFO  [main]o.s.c.s.PostProcessorRegistrationDelegate$BeanPostProcessorChecker.postProcessAfterInitialization:330 -Bean 'mongoCustomConversions' of type [org.springframework.data.mongodb.core.convert.MongoCustomConversions] is not eligible for getting processed by all BeanPostProcessors (for example: not eligible for auto-proxying)
2021-03-22 14:22:50.802 INFO  [main]o.s.c.s.PostProcessorRegistrationDelegate$BeanPostProcessorChecker.postProcessAfterInitialization:330 -Bean 'mongoMappingContext' of type [org.springframework.data.mongodb.core.mapping.MongoMappingContext] is not eligible for getting processed by all BeanPostProcessors (for example: not eligible for auto-proxying)
2021-03-22 14:22:50.903 INFO  [main]o.s.c.s.PostProcessorRegistrationDelegate$BeanPostProcessorChecker.postProcessAfterInitialization:330 -Bean 'mappingMongoConverter' of type [org.springframework.data.mongodb.core.convert.MappingMongoConverter] is not eligible for getting processed by all BeanPostProcessors (for example: not eligible for auto-proxying)
2021-03-22 14:22:51.023 INFO  [main]o.s.c.s.PostProcessorRegistrationDelegate$BeanPostProcessorChecker.postProcessAfterInitialization:330 -Bean 'mongoTemplate' of type [org.springframework.data.mongodb.core.MongoTemplate] is not eligible for getting processed by all BeanPostProcessors (for example: not eligible for auto-proxying)
2021-03-22 14:22:51.443 INFO  [main]o.s.c.s.PostProcessorRegistrationDelegate$BeanPostProcessorChecker.postProcessAfterInitialization:330 -Bean 'commentDao' of type [org.springframework.data.mongodb.repository.support.MongoRepositoryFactoryBean] is not eligible for getting processed by all BeanPostProcessors (for example: not eligible for auto-proxying)
2021-03-22 14:22:51.456 INFO  [main]o.s.c.s.PostProcessorRegistrationDelegate$BeanPostProcessorChecker.postProcessAfterInitialization:330 -Bean 'commentDao' of type [com.sun.proxy.$Proxy106] is not eligible for getting processed by all BeanPostProcessors (for example: not eligible for auto-proxying)
2021-03-22 14:22:51.483 INFO  [main]o.s.c.s.PostProcessorRegistrationDelegate$BeanPostProcessorChecker.postProcessAfterInitialization:330 -Bean '(inner bean)#48ae9e8b' of type [org.springframework.beans.factory.config.PropertiesFactoryBean] is not eligible for getting processed by all BeanPostProcessors (for example: not eligible for auto-proxying)
2021-03-22 14:22:51.484 INFO  [main]o.s.c.s.PostProcessorRegistrationDelegate$BeanPostProcessorChecker.postProcessAfterInitialization:330 -Bean '(inner bean)#48ae9e8b' of type [java.util.Properties] is not eligible for getting processed by all BeanPostProcessors (for example: not eligible for auto-proxying)
2021-03-22 14:22:51.485 INFO  [main]o.s.c.s.PostProcessorRegistrationDelegate$BeanPostProcessorChecker.postProcessAfterInitialization:330 -Bean '(inner bean)#17d2b646' of type [org.springframework.data.repository.core.support.PropertiesBasedNamedQueries] is not eligible for getting processed by all BeanPostProcessors (for example: not eligible for auto-proxying)
2021-03-22 14:22:51.486 INFO  [main]o.s.c.s.PostProcessorRegistrationDelegate$BeanPostProcessorChecker.postProcessAfterInitialization:330 -Bean '(inner bean)#4afcae7' of type [org.springframework.data.repository.core.support.RepositoryFragmentsFactoryBean] is not eligible for getting processed by all BeanPostProcessors (for example: not eligible for auto-proxying)
2021-03-22 14:22:51.487 INFO  [main]o.s.c.s.PostProcessorRegistrationDelegate$BeanPostProcessorChecker.postProcessAfterInitialization:330 -Bean '(inner bean)#4afcae7' of type [org.springframework.data.repository.core.support.RepositoryComposition$RepositoryFragments] is not eligible for getting processed by all BeanPostProcessors (for example: not eligible for auto-proxying)
2021-03-22 14:22:51.496 INFO  [main]o.s.c.s.PostProcessorRegistrationDelegate$BeanPostProcessorChecker.postProcessAfterInitialization:330 -Bean 'collectionDao' of type [org.springframework.data.mongodb.repository.support.MongoRepositoryFactoryBean] is not eligible for getting processed by all BeanPostProcessors (for example: not eligible for auto-proxying)
2021-03-22 14:22:51.497 INFO  [main]o.s.c.s.PostProcessorRegistrationDelegate$BeanPostProcessorChecker.postProcessAfterInitialization:330 -Bean 'collectionDao' of type [com.sun.proxy.$Proxy107] is not eligible for getting processed by all BeanPostProcessors (for example: not eligible for auto-proxying)
2021-03-22 14:22:51.514 INFO  [main]o.s.c.s.PostProcessorRegistrationDelegate$BeanPostProcessorChecker.postProcessAfterInitialization:330 -Bean 'userServiceImpl' of type [com.jg.blog.service.impl.UserServiceImpl] is not eligible for getting processed by all BeanPostProcessors (for example: not eligible for auto-proxying)
2021-03-22 14:22:51.516 INFO  [main]o.s.c.s.PostProcessorRegistrationDelegate$BeanPostProcessorChecker.postProcessAfterInitialization:330 -Bean 'adminRealm' of type [com.jg.blog.realm.AdminRealm] is not eligible for getting processed by all BeanPostProcessors (for example: not eligible for auto-proxying)
2021-03-22 14:22:51.555 INFO  [main]o.s.c.s.PostProcessorRegistrationDelegate$BeanPostProcessorChecker.postProcessAfterInitialization:330 -Bean 'securityManager' of type [org.apache.shiro.web.mgt.DefaultWebSecurityManager] is not eligible for getting processed by all BeanPostProcessors (for example: not eligible for auto-proxying)
2021-03-22 14:22:51.592 INFO  [main]o.s.c.s.PostProcessorRegistrationDelegate$BeanPostProcessorChecker.postProcessAfterInitialization:330 -Bean 'authorizationAttributeSourceAdvisor' of type [org.apache.shiro.spring.security.interceptor.AuthorizationAttributeSourceAdvisor] is not eligible for getting processed by all BeanPostProcessors (for example: not eligible for auto-proxying)
2021-03-22 14:22:52.107 INFO  [main]o.s.boot.web.embedded.tomcat.TomcatWebServer.initialize:92 -Tomcat initialized with port(s): 1000 (http)
2021-03-22 14:22:52.124 INFO  [main]org.apache.coyote.http11.Http11NioProtocol.log:173 -Initializing ProtocolHandler ["http-nio-1000"]
2021-03-22 14:22:52.124 INFO  [main]org.apache.catalina.core.StandardService.log:173 -Starting service [Tomcat]
2021-03-22 14:22:52.125 INFO  [main]org.apache.catalina.core.StandardEngine.log:173 -Starting Servlet engine: [Apache Tomcat/9.0.29]
2021-03-22 14:22:52.127 INFO  [main]org.apache.catalina.core.AprLifecycleListener.log:173 -An older version [1.2.14] of the APR based Apache Tomcat Native library is installed, while Tomcat recommends a minimum version of [1.2.23]
2021-03-22 14:22:52.128 INFO  [main]org.apache.catalina.core.AprLifecycleListener.log:173 -Loaded APR based Apache Tomcat Native library [1.2.14] using APR version [1.6.2].
2021-03-22 14:22:52.128 INFO  [main]org.apache.catalina.core.AprLifecycleListener.log:173 -APR capabilities: IPv6 [true], sendfile [true], accept filters [false], random [true].
2021-03-22 14:22:52.128 INFO  [main]org.apache.catalina.core.AprLifecycleListener.log:173 -APR/OpenSSL configuration: useAprConnector [false], useOpenSSL [true]
2021-03-22 14:22:53.204 INFO  [main]org.apache.catalina.core.AprLifecycleListener.log:173 -OpenSSL successfully initialized [OpenSSL 1.0.2l  25 May 2017]
2021-03-22 14:22:53.370 INFO  [main]o.a.catalina.core.ContainerBase.[Tomcat].[localhost].[/].log:173 -Initializing Spring embedded WebApplicationContext
2021-03-22 14:22:53.371 INFO  [main]org.springframework.web.context.ContextLoader.prepareWebApplicationContext:284 -Root WebApplicationContext: initialization completed in 9480 ms
2021-03-22 14:22:55.800 INFO  [main]org.apache.coyote.http11.Http11NioProtocol.log:173 -Starting ProtocolHandler ["http-nio-1000"]
2021-03-22 14:22:55.844 INFO  [main]o.s.boot.web.embedded.tomcat.TomcatWebServer.start:204 -Tomcat started on port(s): 1000 (http) with context path ''
2021-03-22 14:22:55.847 INFO  [main]com.jg.blog.BlogApplication.logStarted:61 -Started BlogApplication in 13.613 seconds (JVM running for 16.01)
