2021-01-03 14:05:01.072 DEBUG [main]com.jg.blog.BlogApplication.logStarting:56 -Running with Spring Boot v2.2.2.RELEASE, Spring v5.2.2.RELEASE
2021-01-03 14:11:42.553 DEBUG [http-nio-1000-exec-9]com.jg.blog.mapper.AdminMapper.getByUsername.debug:159 -==>  Preparing: select name, header, signature, username, password from bl_admin where username = ? 
2021-01-03 14:11:42.610 DEBUG [http-nio-1000-exec-9]com.jg.blog.mapper.AdminMapper.getByUsername.debug:159 -==> Parameters: admin(String)
2021-01-03 14:11:42.686 DEBUG [http-nio-1000-exec-9]com.jg.blog.mapper.AdminMapper.getByUsername.debug:159 -<==      Total: 1
2021-01-03 14:11:42.835 DEBUG [http-nio-1000-exec-9]com.jg.blog.mapper.LogMapper.save.debug:159 -==>  Preparing: insert into bl_log( log_url, log_params, log_status, log_message, log_method, log_time, log_result, log_ip ) values ( ?, ?, ?, ?, ?, ?, ?, ? ) 
2021-01-03 14:11:42.840 DEBUG [http-nio-1000-exec-9]com.jg.blog.mapper.LogMapper.save.debug:159 -==> Parameters: /admin/login(String), [Admin(id=null, name=null, header=null, signature=null, comment=null, username=admin, password=123456)](String), 1(Integer), null, POST(String), 258(Long), {"code":20000,"data":{"token":"83AC0E2F663C9913EF13D02782458B2B"},"msg":"操作成功！"}(String), 192.168.10.11(String)
2021-01-03 14:11:42.884 DEBUG [http-nio-1000-exec-9]com.jg.blog.mapper.LogMapper.save.debug:159 -<==    Updates: 1
2021-01-03 14:11:43.032 DEBUG [http-nio-1000-exec-8]com.jg.blog.mapper.LogMapper.save.debug:159 -==>  Preparing: insert into bl_log( log_url, log_params, log_status, log_message, log_method, log_time, log_result, log_ip ) values ( ?, ?, ?, ?, ?, ?, ?, ? ) 
2021-01-03 14:11:43.034 DEBUG [http-nio-1000-exec-8]com.jg.blog.mapper.LogMapper.save.debug:159 -==> Parameters: /admin/info(String), [](String), 1(Integer), null, GET(String), 1(Long), {"code":20000,"data":{"name":"he","password":"","username":"admin"},"msg":"操作成功！"}(String), 192.168.10.11(String)
2021-01-03 14:11:43.044 DEBUG [http-nio-1000-exec-8]com.jg.blog.mapper.LogMapper.save.debug:159 -<==    Updates: 1
2021-01-03 14:11:43.181 DEBUG [http-nio-1000-exec-2]com.jg.blog.mapper.TypeMapper.getTypeList.debug:159 -==>  Preparing: select type_id, type_name, type_blog_count from bl_type where deleted = 0 and enable = 1 
2021-01-03 14:11:43.183 DEBUG [http-nio-1000-exec-2]com.jg.blog.mapper.TypeMapper.getTypeList.debug:159 -==> Parameters: 
2021-01-03 14:11:43.190 DEBUG [http-nio-1000-exec-2]com.jg.blog.mapper.TypeMapper.getTypeList.debug:159 -<==      Total: 1
2021-01-03 14:11:43.200 DEBUG [http-nio-1000-exec-2]com.jg.blog.mapper.LogMapper.save.debug:159 -==>  Preparing: insert into bl_log( log_url, log_params, log_status, log_message, log_method, log_time, log_result, log_ip ) values ( ?, ?, ?, ?, ?, ?, ?, ? ) 
2021-01-03 14:11:43.202 DEBUG [http-nio-1000-exec-2]com.jg.blog.mapper.LogMapper.save.debug:159 -==> Parameters: /type/getList(String), [](String), 1(Integer), null, GET(String), 22(Long), {"code":20000,"data":[{"typeBlogCount":0,"typeId":6,"typeName":"java基础知识"}],"msg":"操作成功！"}(String), 192.168.10.11(String)
2021-01-03 14:11:43.207 DEBUG [http-nio-1000-exec-2]com.jg.blog.mapper.LogMapper.save.debug:159 -<==    Updates: 1
2021-01-03 14:11:46.389 DEBUG [http-nio-1000-exec-4]com.jg.blog.mapper.TypeMapper.getAll.debug:159 -==>  Preparing: select type_id, type_name, type_blog_count, enable from bl_type where deleted = 0 
2021-01-03 14:11:46.389 DEBUG [http-nio-1000-exec-4]com.jg.blog.mapper.TypeMapper.getAll.debug:159 -==> Parameters: 
2021-01-03 14:11:46.391 DEBUG [http-nio-1000-exec-4]com.jg.blog.mapper.TypeMapper.getAll.debug:159 -<==      Total: 1
2021-01-03 14:11:46.397 DEBUG [http-nio-1000-exec-4]com.jg.blog.mapper.LogMapper.save.debug:159 -==>  Preparing: insert into bl_log( log_url, log_params, log_status, log_message, log_method, log_time, log_result, log_ip ) values ( ?, ?, ?, ?, ?, ?, ?, ? ) 
2021-01-03 14:11:46.398 DEBUG [http-nio-1000-exec-4]com.jg.blog.mapper.LogMapper.save.debug:159 -==> Parameters: /type/listBack(String), [](String), 1(Integer), null, GET(String), 8(Long), {"code":20000,"data":[{"enable":1,"typeBlogCount":0,"typeId":6,"typeName":"java基础知识"}],"msg":"操作成功！"}(String), 192.168.10.11(String)
2021-01-03 14:11:46.409 DEBUG [http-nio-1000-exec-4]com.jg.blog.mapper.LogMapper.save.debug:159 -<==    Updates: 1
2021-01-03 14:11:48.692 DEBUG [http-nio-1000-exec-1]com.jg.blog.mapper.TypeMapper.getAll.debug:159 -==>  Preparing: select type_id, type_name, type_blog_count, enable from bl_type where deleted = 0 
2021-01-03 14:11:48.693 DEBUG [http-nio-1000-exec-1]com.jg.blog.mapper.TypeMapper.getAll.debug:159 -==> Parameters: 
2021-01-03 14:11:48.695 DEBUG [http-nio-1000-exec-1]com.jg.blog.mapper.TypeMapper.getAll.debug:159 -<==      Total: 1
2021-01-03 14:11:48.704 DEBUG [http-nio-1000-exec-1]com.jg.blog.mapper.LogMapper.save.debug:159 -==>  Preparing: insert into bl_log( log_url, log_params, log_status, log_message, log_method, log_time, log_result, log_ip ) values ( ?, ?, ?, ?, ?, ?, ?, ? ) 
2021-01-03 14:11:48.705 DEBUG [http-nio-1000-exec-1]com.jg.blog.mapper.LogMapper.save.debug:159 -==> Parameters: /type/listBack(String), [](String), 1(Integer), null, GET(String), 35(Long), {"code":20000,"data":[{"enable":1,"typeBlogCount":0,"typeId":6,"typeName":"java基础知识"}],"msg":"操作成功！"}(String), 192.168.10.11(String)
2021-01-03 14:11:48.715 DEBUG [http-nio-1000-exec-1]com.jg.blog.mapper.LogMapper.save.debug:159 -<==    Updates: 1
2021-01-03 14:11:48.773 DEBUG [http-nio-1000-exec-3]com.jg.blog.mapper.BlogMapper.getByPage.debug:159 -==>  Preparing: select blog_id, blog_title, blog_image, blog_goods, blog_read, blog_collection, blog_remark, blog_comment, blog_source, created_time, update_time,type_name from bl_blog as b inner join bl_type as t on type_id = blog_type where t.deleted = 0 and b.deleted = 0 limit ?, ? 
2021-01-03 14:11:48.774 DEBUG [http-nio-1000-exec-3]com.jg.blog.mapper.BlogMapper.getByPage.debug:159 -==> Parameters: 0(Integer), 10(Integer)
2021-01-03 14:11:48.788 DEBUG [http-nio-1000-exec-3]com.jg.blog.mapper.BlogMapper.getByPage.debug:159 -<==      Total: 0
2021-01-03 14:11:48.790 DEBUG [http-nio-1000-exec-3]com.jg.blog.mapper.BlogMapper.getCountByPage.debug:159 -==>  Preparing: select count(*) from bl_blog as b inner join bl_type as t on type_id = blog_type where t.deleted = 0 and b.deleted = 0 
2021-01-03 14:11:48.790 DEBUG [http-nio-1000-exec-3]com.jg.blog.mapper.BlogMapper.getCountByPage.debug:159 -==> Parameters: 
2021-01-03 14:11:48.795 DEBUG [http-nio-1000-exec-3]com.jg.blog.mapper.BlogMapper.getCountByPage.debug:159 -<==      Total: 1
2021-01-03 14:11:48.806 DEBUG [http-nio-1000-exec-3]com.jg.blog.mapper.LogMapper.save.debug:159 -==>  Preparing: insert into bl_log( log_url, log_params, log_status, log_message, log_method, log_time, log_result, log_ip ) values ( ?, ?, ?, ?, ?, ?, ?, ? ) 
2021-01-03 14:11:48.807 DEBUG [http-nio-1000-exec-3]com.jg.blog.mapper.LogMapper.save.debug:159 -==> Parameters: /blog/getByPage(String), [Page(currentPage=1, pageSize=10, totalPage=0, totalCount=0, list=[], params={}, sortColumn=null, sortMethod=asc)](String), 1(Integer), null, POST(String), 93(Long), {"code":20000,"data":{"currentPage":1,"index":0,"list":[],"pageSize":10,"params":{},"sortMethod":"asc","totalCount":0,"totalPage":0},"msg":"操作成功！"}(String), 192.168.10.11(String)
2021-01-03 14:11:48.813 DEBUG [http-nio-1000-exec-3]com.jg.blog.mapper.LogMapper.save.debug:159 -<==    Updates: 1
2021-01-03 14:11:52.737 DEBUG [http-nio-1000-exec-7]com.jg.blog.mapper.BlogMapper.getByPage.debug:159 -==>  Preparing: select blog_id, blog_title, blog_image, blog_goods, blog_read, blog_collection, blog_remark, blog_comment, blog_source, created_time, update_time,type_name from bl_blog as b inner join bl_type as t on type_id = blog_type where t.deleted = 0 and b.deleted = 0 limit ?, ? 
2021-01-03 14:11:52.737 DEBUG [http-nio-1000-exec-7]com.jg.blog.mapper.BlogMapper.getByPage.debug:159 -==> Parameters: 0(Integer), 10(Integer)
2021-01-03 14:11:52.739 DEBUG [http-nio-1000-exec-7]com.jg.blog.mapper.BlogMapper.getByPage.debug:159 -<==      Total: 0
2021-01-03 14:11:52.739 DEBUG [http-nio-1000-exec-6]com.jg.blog.mapper.TypeMapper.getAll.debug:159 -==>  Preparing: select type_id, type_name, type_blog_count, enable from bl_type where deleted = 0 
2021-01-03 14:11:52.740 DEBUG [http-nio-1000-exec-6]com.jg.blog.mapper.TypeMapper.getAll.debug:159 -==> Parameters: 
2021-01-03 14:11:52.740 DEBUG [http-nio-1000-exec-7]com.jg.blog.mapper.BlogMapper.getCountByPage.debug:159 -==>  Preparing: select count(*) from bl_blog as b inner join bl_type as t on type_id = blog_type where t.deleted = 0 and b.deleted = 0 
2021-01-03 14:11:52.740 DEBUG [http-nio-1000-exec-7]com.jg.blog.mapper.BlogMapper.getCountByPage.debug:159 -==> Parameters: 
2021-01-03 14:11:52.742 DEBUG [http-nio-1000-exec-7]com.jg.blog.mapper.BlogMapper.getCountByPage.debug:159 -<==      Total: 1
2021-01-03 14:11:52.745 DEBUG [http-nio-1000-exec-6]com.jg.blog.mapper.TypeMapper.getAll.debug:159 -<==      Total: 1
2021-01-03 14:11:52.749 DEBUG [http-nio-1000-exec-7]com.jg.blog.mapper.LogMapper.save.debug:159 -==>  Preparing: insert into bl_log( log_url, log_params, log_status, log_message, log_method, log_time, log_result, log_ip ) values ( ?, ?, ?, ?, ?, ?, ?, ? ) 
2021-01-03 14:11:52.751 DEBUG [http-nio-1000-exec-7]com.jg.blog.mapper.LogMapper.save.debug:159 -==> Parameters: /blog/getByPage(String), [Page(currentPage=1, pageSize=10, totalPage=0, totalCount=0, list=[], params={}, sortColumn=null, sortMethod=asc)](String), 1(Integer), null, POST(String), 14(Long), {"code":20000,"data":{"currentPage":1,"index":0,"list":[],"pageSize":10,"params":{},"sortMethod":"asc","totalCount":0,"totalPage":0},"msg":"操作成功！"}(String), 192.168.10.11(String)
2021-01-03 14:11:52.752 DEBUG [http-nio-1000-exec-6]com.jg.blog.mapper.LogMapper.save.debug:159 -==>  Preparing: insert into bl_log( log_url, log_params, log_status, log_message, log_method, log_time, log_result, log_ip ) values ( ?, ?, ?, ?, ?, ?, ?, ? ) 
2021-01-03 14:11:52.753 DEBUG [http-nio-1000-exec-6]com.jg.blog.mapper.LogMapper.save.debug:159 -==> Parameters: /type/listBack(String), [](String), 1(Integer), null, GET(String), 14(Long), {"code":20000,"data":[{"enable":1,"typeBlogCount":0,"typeId":6,"typeName":"java基础知识"}],"msg":"操作成功！"}(String), 192.168.10.11(String)
2021-01-03 14:11:52.761 DEBUG [http-nio-1000-exec-7]com.jg.blog.mapper.LogMapper.save.debug:159 -<==    Updates: 1
2021-01-03 14:11:52.764 DEBUG [http-nio-1000-exec-6]com.jg.blog.mapper.LogMapper.save.debug:159 -<==    Updates: 1
2021-01-03 14:12:24.911 DEBUG [http-nio-1000-exec-8]com.jg.blog.mapper.BlogMapper.getByPage.debug:159 -==>  Preparing: select blog_id, blog_title, blog_image, blog_goods, blog_read, blog_collection, blog_remark, blog_comment, blog_source, created_time, update_time,type_name from bl_blog as b inner join bl_type as t on type_id = blog_type where t.deleted = 0 and b.deleted = 0 limit ?, ? 
2021-01-03 14:12:24.911 DEBUG [http-nio-1000-exec-8]com.jg.blog.mapper.BlogMapper.getByPage.debug:159 -==> Parameters: 0(Integer), 10(Integer)
2021-01-03 14:12:24.915 DEBUG [http-nio-1000-exec-8]com.jg.blog.mapper.BlogMapper.getByPage.debug:159 -<==      Total: 0
2021-01-03 14:12:24.916 DEBUG [http-nio-1000-exec-8]com.jg.blog.mapper.BlogMapper.getCountByPage.debug:159 -==>  Preparing: select count(*) from bl_blog as b inner join bl_type as t on type_id = blog_type where t.deleted = 0 and b.deleted = 0 
2021-01-03 14:12:24.916 DEBUG [http-nio-1000-exec-8]com.jg.blog.mapper.BlogMapper.getCountByPage.debug:159 -==> Parameters: 
2021-01-03 14:12:24.918 DEBUG [http-nio-1000-exec-8]com.jg.blog.mapper.BlogMapper.getCountByPage.debug:159 -<==      Total: 1
2021-01-03 14:12:24.923 DEBUG [http-nio-1000-exec-8]com.jg.blog.mapper.LogMapper.save.debug:159 -==>  Preparing: insert into bl_log( log_url, log_params, log_status, log_message, log_method, log_time, log_result, log_ip ) values ( ?, ?, ?, ?, ?, ?, ?, ? ) 
2021-01-03 14:12:24.924 DEBUG [http-nio-1000-exec-8]com.jg.blog.mapper.LogMapper.save.debug:159 -==> Parameters: /blog/getByPage(String), [Page(currentPage=1, pageSize=10, totalPage=0, totalCount=0, list=[], params={}, sortColumn=null, sortMethod=asc)](String), 1(Integer), null, POST(String), 15(Long), {"code":20000,"data":{"currentPage":1,"index":0,"list":[],"pageSize":10,"params":{},"sortMethod":"asc","totalCount":0,"totalPage":0},"msg":"操作成功！"}(String), 192.168.10.11(String)
2021-01-03 14:12:24.934 DEBUG [http-nio-1000-exec-8]com.jg.blog.mapper.LogMapper.save.debug:159 -<==    Updates: 1
2021-01-03 14:12:24.968 DEBUG [http-nio-1000-exec-2]com.jg.blog.mapper.TypeMapper.getAll.debug:159 -==>  Preparing: select type_id, type_name, type_blog_count, enable from bl_type where deleted = 0 
2021-01-03 14:12:24.969 DEBUG [http-nio-1000-exec-2]com.jg.blog.mapper.TypeMapper.getAll.debug:159 -==> Parameters: 
2021-01-03 14:12:24.970 DEBUG [http-nio-1000-exec-2]com.jg.blog.mapper.TypeMapper.getAll.debug:159 -<==      Total: 1
2021-01-03 14:12:24.975 DEBUG [http-nio-1000-exec-2]com.jg.blog.mapper.LogMapper.save.debug:159 -==>  Preparing: insert into bl_log( log_url, log_params, log_status, log_message, log_method, log_time, log_result, log_ip ) values ( ?, ?, ?, ?, ?, ?, ?, ? ) 
2021-01-03 14:12:24.977 DEBUG [http-nio-1000-exec-2]com.jg.blog.mapper.LogMapper.save.debug:159 -==> Parameters: /type/listBack(String), [](String), 1(Integer), null, GET(String), 10(Long), {"code":20000,"data":[{"enable":1,"typeBlogCount":0,"typeId":6,"typeName":"java基础知识"}],"msg":"操作成功！"}(String), 192.168.10.11(String)
2021-01-03 14:12:24.987 DEBUG [http-nio-1000-exec-2]com.jg.blog.mapper.LogMapper.save.debug:159 -<==    Updates: 1
2021-01-03 14:12:27.048 DEBUG [http-nio-1000-exec-4]com.jg.blog.mapper.TypeMapper.getAll.debug:159 -==>  Preparing: select type_id, type_name, type_blog_count, enable from bl_type where deleted = 0 
2021-01-03 14:12:27.049 DEBUG [http-nio-1000-exec-4]com.jg.blog.mapper.TypeMapper.getAll.debug:159 -==> Parameters: 
2021-01-03 14:12:27.051 DEBUG [http-nio-1000-exec-4]com.jg.blog.mapper.TypeMapper.getAll.debug:159 -<==      Total: 1
2021-01-03 14:12:27.057 DEBUG [http-nio-1000-exec-4]com.jg.blog.mapper.LogMapper.save.debug:159 -==>  Preparing: insert into bl_log( log_url, log_params, log_status, log_message, log_method, log_time, log_result, log_ip ) values ( ?, ?, ?, ?, ?, ?, ?, ? ) 
2021-01-03 14:12:27.058 DEBUG [http-nio-1000-exec-4]com.jg.blog.mapper.LogMapper.save.debug:159 -==> Parameters: /type/listBack(String), [](String), 1(Integer), null, GET(String), 10(Long), {"code":20000,"data":[{"enable":1,"typeBlogCount":0,"typeId":6,"typeName":"java基础知识"}],"msg":"操作成功！"}(String), 192.168.10.11(String)
2021-01-03 14:12:27.068 DEBUG [http-nio-1000-exec-4]com.jg.blog.mapper.LogMapper.save.debug:159 -<==    Updates: 1
2021-01-03 14:12:29.048 DEBUG [http-nio-1000-exec-1]com.jg.blog.mapper.AdminMapper.getAdmin.debug:159 -==>  Preparing: select id, name, header, signature, comment, username from bl_admin limit 1 
2021-01-03 14:12:29.050 DEBUG [http-nio-1000-exec-1]com.jg.blog.mapper.AdminMapper.getAdmin.debug:159 -==> Parameters: 
2021-01-03 14:12:29.052 DEBUG [http-nio-1000-exec-1]com.jg.blog.mapper.AdminMapper.getAdmin.debug:159 -<==      Total: 1
2021-01-03 14:12:29.057 DEBUG [http-nio-1000-exec-1]com.jg.blog.mapper.LogMapper.save.debug:159 -==>  Preparing: insert into bl_log( log_url, log_params, log_status, log_message, log_method, log_time, log_result, log_ip ) values ( ?, ?, ?, ?, ?, ?, ?, ? ) 
2021-01-03 14:12:29.058 DEBUG [http-nio-1000-exec-1]com.jg.blog.mapper.LogMapper.save.debug:159 -==> Parameters: /admin/getAdmin(String), [](String), 1(Integer), null, GET(String), 11(Long), {"code":20000,"data":{"id":1,"name":"he","username":"admin"},"msg":"操作成功！"}(String), 192.168.10.11(String)
2021-01-03 14:12:29.063 DEBUG [http-nio-1000-exec-1]com.jg.blog.mapper.LogMapper.save.debug:159 -<==    Updates: 1
2021-01-03 14:12:35.664 DEBUG [http-nio-1000-exec-3]com.jg.blog.mapper.UserMapper.getByPage.debug:159 -==>  Preparing: select user_id, username, name, sex, header, nickname, user_email, created_time, update_time from bl_user where deleted = 0 limit ?, ? 
2021-01-03 14:12:35.665 DEBUG [http-nio-1000-exec-3]com.jg.blog.mapper.UserMapper.getByPage.debug:159 -==> Parameters: 0(Integer), 10(Integer)
2021-01-03 14:12:35.679 DEBUG [http-nio-1000-exec-3]com.jg.blog.mapper.UserMapper.getByPage.debug:159 -<==      Total: 1
2021-01-03 14:12:35.683 DEBUG [http-nio-1000-exec-3]com.jg.blog.mapper.UserMapper.getCountByPage.debug:159 -==>  Preparing: select count(*) from bl_user where deleted = 0 
2021-01-03 14:12:35.684 DEBUG [http-nio-1000-exec-3]com.jg.blog.mapper.UserMapper.getCountByPage.debug:159 -==> Parameters: 
2021-01-03 14:12:35.686 DEBUG [http-nio-1000-exec-3]com.jg.blog.mapper.UserMapper.getCountByPage.debug:159 -<==      Total: 1
2021-01-03 14:12:35.696 DEBUG [http-nio-1000-exec-3]com.jg.blog.mapper.LogMapper.save.debug:159 -==>  Preparing: insert into bl_log( log_url, log_params, log_status, log_message, log_method, log_time, log_result, log_ip ) values ( ?, ?, ?, ?, ?, ?, ?, ? ) 
2021-01-03 14:12:35.697 DEBUG [http-nio-1000-exec-3]com.jg.blog.mapper.LogMapper.save.debug:159 -==> Parameters: /user/getByPage(String), [Page(currentPage=1, pageSize=10, totalPage=0, totalCount=0, list=[], params={}, sortColumn=null, sortMethod=asc)](String), 1(Integer), null, POST(String), 33(Long), {"code":20000,"data":{"currentPage":1,"index":0,"list":[{"createdTime":"2020-12-24 11:04:02","name":"hqz","nickname":"鲜肉","updateTime":"2020-12-24 11:04:02","userId":1,"username":"he"}],"pageSize":10,"params":{},"sortMethod":"asc","totalCount":1,"totalPage":1},"msg":"操作成功！"}(String), 192.168.10.11(String)
2021-01-03 14:12:35.705 DEBUG [http-nio-1000-exec-3]com.jg.blog.mapper.LogMapper.save.debug:159 -<==    Updates: 1
2021-01-03 14:12:42.711 DEBUG [http-nio-1000-exec-5]com.jg.blog.mapper.UserMapper.getById.debug:159 -==>  Preparing: select user_id, username, name, sex, header, nickname, user_email, version from bl_user where user_id = ? and deleted = 0 
2021-01-03 14:12:42.712 DEBUG [http-nio-1000-exec-5]com.jg.blog.mapper.UserMapper.getById.debug:159 -==> Parameters: 1(Integer)
2021-01-03 14:12:42.715 DEBUG [http-nio-1000-exec-5]com.jg.blog.mapper.UserMapper.getById.debug:159 -<==      Total: 1
2021-01-03 14:12:42.720 DEBUG [http-nio-1000-exec-5]com.jg.blog.mapper.LogMapper.save.debug:159 -==>  Preparing: insert into bl_log( log_url, log_params, log_status, log_message, log_method, log_time, log_result, log_ip ) values ( ?, ?, ?, ?, ?, ?, ?, ? ) 
2021-01-03 14:12:42.721 DEBUG [http-nio-1000-exec-5]com.jg.blog.mapper.LogMapper.save.debug:159 -==> Parameters: /user/get/1(String), [1](String), 1(Integer), null, GET(String), 9(Long), {"code":20000,"data":{"name":"hqz","nickname":"鲜肉","userId":1,"username":"he","version":1},"msg":"操作成功！"}(String), 192.168.10.11(String)
2021-01-03 14:12:43.138 DEBUG [http-nio-1000-exec-5]com.jg.blog.mapper.LogMapper.save.debug:159 -<==    Updates: 1
2021-01-03 14:12:46.856 DEBUG [http-nio-1000-exec-7]com.jg.blog.mapper.UserMapper.update.debug:159 -==>  Preparing: update bl_user set version = version + 1 ,username = ? ,name = ? ,sex = ? ,nickname = ? where user_id = ? and version = ? 
2021-01-03 14:12:46.857 DEBUG [http-nio-1000-exec-7]com.jg.blog.mapper.UserMapper.update.debug:159 -==> Parameters: he(String), hqz(String), 1(Integer), 鲜肉(String), 1(Integer), 1(Integer)
2021-01-03 14:12:46.866 DEBUG [http-nio-1000-exec-7]com.jg.blog.mapper.UserMapper.update.debug:159 -<==    Updates: 1
2021-01-03 14:12:46.870 DEBUG [http-nio-1000-exec-7]com.jg.blog.mapper.LogMapper.save.debug:159 -==>  Preparing: insert into bl_log( log_url, log_params, log_status, log_message, log_method, log_time, log_result, log_ip ) values ( ?, ?, ?, ?, ?, ?, ?, ? ) 
2021-01-03 14:12:46.871 DEBUG [http-nio-1000-exec-7]com.jg.blog.mapper.LogMapper.save.debug:159 -==> Parameters: /user/update(String), [User(userId=1, username=he, password=null, name=hqz, sex=1, header=null, nickname=鲜肉, userEmail=null, createdTime=null, updateTime=null, version=1, deleted=null)](String), 1(Integer), null, PUT(String), 17(Long), {"code":20000,"msg":"修改成功！"}(String), 192.168.10.11(String)
2021-01-03 14:12:46.876 DEBUG [http-nio-1000-exec-7]com.jg.blog.mapper.LogMapper.save.debug:159 -<==    Updates: 1
2021-01-03 14:12:46.988 DEBUG [http-nio-1000-exec-6]com.jg.blog.mapper.UserMapper.getByPage.debug:159 -==>  Preparing: select user_id, username, name, sex, header, nickname, user_email, created_time, update_time from bl_user where deleted = 0 limit ?, ? 
2021-01-03 14:12:46.989 DEBUG [http-nio-1000-exec-6]com.jg.blog.mapper.UserMapper.getByPage.debug:159 -==> Parameters: 0(Integer), 10(Integer)
2021-01-03 14:12:46.990 DEBUG [http-nio-1000-exec-6]com.jg.blog.mapper.UserMapper.getByPage.debug:159 -<==      Total: 1
2021-01-03 14:12:46.996 DEBUG [http-nio-1000-exec-6]com.jg.blog.mapper.UserMapper.getCountByPage.debug:159 -==>  Preparing: select count(*) from bl_user where deleted = 0 
2021-01-03 14:12:46.997 DEBUG [http-nio-1000-exec-6]com.jg.blog.mapper.UserMapper.getCountByPage.debug:159 -==> Parameters: 
2021-01-03 14:12:46.998 DEBUG [http-nio-1000-exec-6]com.jg.blog.mapper.UserMapper.getCountByPage.debug:159 -<==      Total: 1
2021-01-03 14:12:47.003 DEBUG [http-nio-1000-exec-6]com.jg.blog.mapper.LogMapper.save.debug:159 -==>  Preparing: insert into bl_log( log_url, log_params, log_status, log_message, log_method, log_time, log_result, log_ip ) values ( ?, ?, ?, ?, ?, ?, ?, ? ) 
2021-01-03 14:12:47.273 DEBUG [http-nio-1000-exec-6]com.jg.blog.mapper.LogMapper.save.debug:159 -==> Parameters: /user/getByPage(String), [Page(currentPage=1, pageSize=10, totalPage=1, totalCount=1, list=[User(userId=1, username=he, password=null, name=hqz, sex=null, header=null, nickname=鲜肉, userEmail=null, createdTime=2020-12-24 11:04:02, updateTime=2020-12-24 11:04:02, version=null, deleted=null)], params={}, sortColumn=null, sortMethod=asc)](String), 1(Integer), null, POST(String), 60(Long), {"code":20000,"data":{"currentPage":1,"index":0,"list":[{"createdTime":"2020-12-24 11:04:02","name":"hqz","nickname":"鲜肉","sex":1,"updateTime":"2021-01-03 14:12:46","userId":1,"username":"he"}],"pageSize":10,"params":{},"sortMethod":"asc","totalCount":1,"totalPage":1},"msg":"操作成功！"}(String), 192.168.10.11(String)
2021-01-03 14:12:47.282 DEBUG [http-nio-1000-exec-6]com.jg.blog.mapper.LogMapper.save.debug:159 -<==    Updates: 1
2021-01-03 14:12:55.834 DEBUG [http-nio-1000-exec-10]com.jg.blog.mapper.AdminMapper.getAdmin.debug:159 -==>  Preparing: select id, name, header, signature, comment, username from bl_admin limit 1 
2021-01-03 14:12:55.835 DEBUG [http-nio-1000-exec-10]com.jg.blog.mapper.AdminMapper.getAdmin.debug:159 -==> Parameters: 
2021-01-03 14:12:55.837 DEBUG [http-nio-1000-exec-10]com.jg.blog.mapper.AdminMapper.getAdmin.debug:159 -<==      Total: 1
2021-01-03 14:12:55.843 DEBUG [http-nio-1000-exec-10]com.jg.blog.mapper.LogMapper.save.debug:159 -==>  Preparing: insert into bl_log( log_url, log_params, log_status, log_message, log_method, log_time, log_result, log_ip ) values ( ?, ?, ?, ?, ?, ?, ?, ? ) 
2021-01-03 14:12:55.844 DEBUG [http-nio-1000-exec-10]com.jg.blog.mapper.LogMapper.save.debug:159 -==> Parameters: /admin/getAdmin(String), [](String), 1(Integer), null, GET(String), 11(Long), {"code":20000,"data":{"id":1,"name":"he","username":"admin"},"msg":"操作成功！"}(String), 192.168.10.11(String)
2021-01-03 14:12:55.854 DEBUG [http-nio-1000-exec-10]com.jg.blog.mapper.LogMapper.save.debug:159 -<==    Updates: 1
2021-01-03 14:12:56.739 DEBUG [http-nio-1000-exec-9]com.jg.blog.mapper.UserMapper.getByPage.debug:159 -==>  Preparing: select user_id, username, name, sex, header, nickname, user_email, created_time, update_time from bl_user where deleted = 0 limit ?, ? 
2021-01-03 14:12:56.740 DEBUG [http-nio-1000-exec-9]com.jg.blog.mapper.UserMapper.getByPage.debug:159 -==> Parameters: 0(Integer), 10(Integer)
2021-01-03 14:12:56.742 DEBUG [http-nio-1000-exec-9]com.jg.blog.mapper.UserMapper.getByPage.debug:159 -<==      Total: 1
2021-01-03 14:12:56.746 DEBUG [http-nio-1000-exec-9]com.jg.blog.mapper.UserMapper.getCountByPage.debug:159 -==>  Preparing: select count(*) from bl_user where deleted = 0 
2021-01-03 14:12:56.746 DEBUG [http-nio-1000-exec-9]com.jg.blog.mapper.UserMapper.getCountByPage.debug:159 -==> Parameters: 
2021-01-03 14:12:56.747 DEBUG [http-nio-1000-exec-9]com.jg.blog.mapper.UserMapper.getCountByPage.debug:159 -<==      Total: 1
2021-01-03 14:12:56.753 DEBUG [http-nio-1000-exec-9]com.jg.blog.mapper.LogMapper.save.debug:159 -==>  Preparing: insert into bl_log( log_url, log_params, log_status, log_message, log_method, log_time, log_result, log_ip ) values ( ?, ?, ?, ?, ?, ?, ?, ? ) 
2021-01-03 14:12:56.754 DEBUG [http-nio-1000-exec-9]com.jg.blog.mapper.LogMapper.save.debug:159 -==> Parameters: /user/getByPage(String), [Page(currentPage=1, pageSize=10, totalPage=0, totalCount=0, list=[], params={}, sortColumn=null, sortMethod=asc)](String), 1(Integer), null, POST(String), 15(Long), {"code":20000,"data":{"currentPage":1,"index":0,"list":[{"createdTime":"2020-12-24 11:04:02","name":"hqz","nickname":"鲜肉","sex":1,"updateTime":"2021-01-03 14:12:46","userId":1,"username":"he"}],"pageSize":10,"params":{},"sortMethod":"asc","totalCount":1,"totalPage":1},"msg":"操作成功！"}(String), 192.168.10.11(String)
2021-01-03 14:12:56.763 DEBUG [http-nio-1000-exec-9]com.jg.blog.mapper.LogMapper.save.debug:159 -<==    Updates: 1
2021-01-03 14:13:01.339 DEBUG [http-nio-1000-exec-8]com.jg.blog.mapper.AdminMapper.getAdmin.debug:159 -==>  Preparing: select id, name, header, signature, comment, username from bl_admin limit 1 
2021-01-03 14:13:01.339 DEBUG [http-nio-1000-exec-8]com.jg.blog.mapper.AdminMapper.getAdmin.debug:159 -==> Parameters: 
2021-01-03 14:13:01.341 DEBUG [http-nio-1000-exec-8]com.jg.blog.mapper.AdminMapper.getAdmin.debug:159 -<==      Total: 1
2021-01-03 14:13:01.345 DEBUG [http-nio-1000-exec-8]com.jg.blog.mapper.LogMapper.save.debug:159 -==>  Preparing: insert into bl_log( log_url, log_params, log_status, log_message, log_method, log_time, log_result, log_ip ) values ( ?, ?, ?, ?, ?, ?, ?, ? ) 
2021-01-03 14:13:01.346 DEBUG [http-nio-1000-exec-8]com.jg.blog.mapper.LogMapper.save.debug:159 -==> Parameters: /admin/getAdmin(String), [](String), 1(Integer), null, GET(String), 7(Long), {"code":20000,"data":{"id":1,"name":"he","username":"admin"},"msg":"操作成功！"}(String), 192.168.10.11(String)
2021-01-03 14:13:01.356 DEBUG [http-nio-1000-exec-8]com.jg.blog.mapper.LogMapper.save.debug:159 -<==    Updates: 1
2021-01-03 14:13:28.885 DEBUG [http-nio-1000-exec-4]com.jg.blog.mapper.BlogMapper.getByPage.debug:159 -==>  Preparing: select blog_id, blog_title, blog_image, blog_goods, blog_read, blog_collection, blog_remark, blog_comment, blog_source, created_time, update_time,type_name from bl_blog as b inner join bl_type as t on type_id = blog_type where t.deleted = 0 and b.deleted = 0 limit ?, ? 
2021-01-03 14:13:28.886 DEBUG [http-nio-1000-exec-4]com.jg.blog.mapper.BlogMapper.getByPage.debug:159 -==> Parameters: 0(Integer), 10(Integer)
2021-01-03 14:13:28.893 DEBUG [http-nio-1000-exec-4]com.jg.blog.mapper.BlogMapper.getByPage.debug:159 -<==      Total: 0
2021-01-03 14:13:28.894 DEBUG [http-nio-1000-exec-4]com.jg.blog.mapper.BlogMapper.getCountByPage.debug:159 -==>  Preparing: select count(*) from bl_blog as b inner join bl_type as t on type_id = blog_type where t.deleted = 0 and b.deleted = 0 
2021-01-03 14:13:28.894 DEBUG [http-nio-1000-exec-4]com.jg.blog.mapper.BlogMapper.getCountByPage.debug:159 -==> Parameters: 
2021-01-03 14:13:28.895 DEBUG [http-nio-1000-exec-4]com.jg.blog.mapper.BlogMapper.getCountByPage.debug:159 -<==      Total: 1
2021-01-03 14:13:28.900 DEBUG [http-nio-1000-exec-4]com.jg.blog.mapper.LogMapper.save.debug:159 -==>  Preparing: insert into bl_log( log_url, log_params, log_status, log_message, log_method, log_time, log_result, log_ip ) values ( ?, ?, ?, ?, ?, ?, ?, ? ) 
2021-01-03 14:13:28.901 DEBUG [http-nio-1000-exec-4]com.jg.blog.mapper.LogMapper.save.debug:159 -==> Parameters: /blog/getByPage(String), [Page(currentPage=1, pageSize=10, totalPage=0, totalCount=0, list=[], params={}, sortColumn=null, sortMethod=asc)](String), 1(Integer), null, POST(String), 17(Long), {"code":20000,"data":{"currentPage":1,"index":0,"list":[],"pageSize":10,"params":{},"sortMethod":"asc","totalCount":0,"totalPage":0},"msg":"操作成功！"}(String), 192.168.10.11(String)
2021-01-03 14:13:28.906 DEBUG [http-nio-1000-exec-4]com.jg.blog.mapper.LogMapper.save.debug:159 -<==    Updates: 1
2021-01-03 14:13:28.933 DEBUG [http-nio-1000-exec-1]com.jg.blog.mapper.TypeMapper.getAll.debug:159 -==>  Preparing: select type_id, type_name, type_blog_count, enable from bl_type where deleted = 0 
2021-01-03 14:13:28.933 DEBUG [http-nio-1000-exec-1]com.jg.blog.mapper.TypeMapper.getAll.debug:159 -==> Parameters: 
2021-01-03 14:13:28.934 DEBUG [http-nio-1000-exec-1]com.jg.blog.mapper.TypeMapper.getAll.debug:159 -<==      Total: 1
2021-01-03 14:13:28.939 DEBUG [http-nio-1000-exec-1]com.jg.blog.mapper.LogMapper.save.debug:159 -==>  Preparing: insert into bl_log( log_url, log_params, log_status, log_message, log_method, log_time, log_result, log_ip ) values ( ?, ?, ?, ?, ?, ?, ?, ? ) 
2021-01-03 14:13:28.939 DEBUG [http-nio-1000-exec-1]com.jg.blog.mapper.LogMapper.save.debug:159 -==> Parameters: /type/listBack(String), [](String), 1(Integer), null, GET(String), 7(Long), {"code":20000,"data":[{"enable":1,"typeBlogCount":0,"typeId":6,"typeName":"java基础知识"}],"msg":"操作成功！"}(String), 192.168.10.11(String)
2021-01-03 14:13:28.949 DEBUG [http-nio-1000-exec-1]com.jg.blog.mapper.LogMapper.save.debug:159 -<==    Updates: 1
2021-01-03 14:13:31.902 DEBUG [http-nio-1000-exec-3]com.jg.blog.mapper.TypeMapper.getAll.debug:159 -==>  Preparing: select type_id, type_name, type_blog_count, enable from bl_type where deleted = 0 
2021-01-03 14:13:31.903 DEBUG [http-nio-1000-exec-3]com.jg.blog.mapper.TypeMapper.getAll.debug:159 -==> Parameters: 
2021-01-03 14:13:31.906 DEBUG [http-nio-1000-exec-3]com.jg.blog.mapper.TypeMapper.getAll.debug:159 -<==      Total: 1
2021-01-03 14:13:31.911 DEBUG [http-nio-1000-exec-3]com.jg.blog.mapper.LogMapper.save.debug:159 -==>  Preparing: insert into bl_log( log_url, log_params, log_status, log_message, log_method, log_time, log_result, log_ip ) values ( ?, ?, ?, ?, ?, ?, ?, ? ) 
2021-01-03 14:13:31.912 DEBUG [http-nio-1000-exec-3]com.jg.blog.mapper.LogMapper.save.debug:159 -==> Parameters: /type/listBack(String), [](String), 1(Integer), null, GET(String), 9(Long), {"code":20000,"data":[{"enable":1,"typeBlogCount":0,"typeId":6,"typeName":"java基础知识"}],"msg":"操作成功！"}(String), 192.168.10.11(String)
2021-01-03 14:13:31.922 DEBUG [http-nio-1000-exec-3]com.jg.blog.mapper.LogMapper.save.debug:159 -<==    Updates: 1
2021-01-03 14:13:34.882 DEBUG [http-nio-1000-exec-5]com.jg.blog.mapper.BlogMapper.getByPage.debug:159 -==>  Preparing: select blog_id, blog_title, blog_image, blog_goods, blog_read, blog_collection, blog_remark, blog_comment, blog_source, created_time, update_time,type_name from bl_blog as b inner join bl_type as t on type_id = blog_type where t.deleted = 0 and b.deleted = 0 limit ?, ? 
2021-01-03 14:13:34.882 DEBUG [http-nio-1000-exec-5]com.jg.blog.mapper.BlogMapper.getByPage.debug:159 -==> Parameters: 0(Integer), 10(Integer)
2021-01-03 14:13:34.883 DEBUG [http-nio-1000-exec-5]com.jg.blog.mapper.BlogMapper.getByPage.debug:159 -<==      Total: 0
2021-01-03 14:13:34.884 DEBUG [http-nio-1000-exec-5]com.jg.blog.mapper.BlogMapper.getCountByPage.debug:159 -==>  Preparing: select count(*) from bl_blog as b inner join bl_type as t on type_id = blog_type where t.deleted = 0 and b.deleted = 0 
2021-01-03 14:13:34.885 DEBUG [http-nio-1000-exec-5]com.jg.blog.mapper.BlogMapper.getCountByPage.debug:159 -==> Parameters: 
2021-01-03 14:13:34.887 DEBUG [http-nio-1000-exec-5]com.jg.blog.mapper.BlogMapper.getCountByPage.debug:159 -<==      Total: 1
2021-01-03 14:13:34.892 DEBUG [http-nio-1000-exec-5]com.jg.blog.mapper.LogMapper.save.debug:159 -==>  Preparing: insert into bl_log( log_url, log_params, log_status, log_message, log_method, log_time, log_result, log_ip ) values ( ?, ?, ?, ?, ?, ?, ?, ? ) 
2021-01-03 14:13:34.893 DEBUG [http-nio-1000-exec-5]com.jg.blog.mapper.LogMapper.save.debug:159 -==> Parameters: /blog/getByPage(String), [Page(currentPage=1, pageSize=10, totalPage=0, totalCount=0, list=[], params={}, sortColumn=null, sortMethod=asc)](String), 1(Integer), null, POST(String), 11(Long), {"code":20000,"data":{"currentPage":1,"index":0,"list":[],"pageSize":10,"params":{},"sortMethod":"asc","totalCount":0,"totalPage":0},"msg":"操作成功！"}(String), 192.168.10.11(String)
2021-01-03 14:13:34.902 DEBUG [http-nio-1000-exec-5]com.jg.blog.mapper.LogMapper.save.debug:159 -<==    Updates: 1
2021-01-03 14:13:34.941 DEBUG [http-nio-1000-exec-7]com.jg.blog.mapper.TypeMapper.getAll.debug:159 -==>  Preparing: select type_id, type_name, type_blog_count, enable from bl_type where deleted = 0 
2021-01-03 14:13:34.941 DEBUG [http-nio-1000-exec-7]com.jg.blog.mapper.TypeMapper.getAll.debug:159 -==> Parameters: 
2021-01-03 14:13:34.943 DEBUG [http-nio-1000-exec-7]com.jg.blog.mapper.TypeMapper.getAll.debug:159 -<==      Total: 1
2021-01-03 14:13:34.947 DEBUG [http-nio-1000-exec-7]com.jg.blog.mapper.LogMapper.save.debug:159 -==>  Preparing: insert into bl_log( log_url, log_params, log_status, log_message, log_method, log_time, log_result, log_ip ) values ( ?, ?, ?, ?, ?, ?, ?, ? ) 
2021-01-03 14:13:34.948 DEBUG [http-nio-1000-exec-7]com.jg.blog.mapper.LogMapper.save.debug:159 -==> Parameters: /type/listBack(String), [](String), 1(Integer), null, GET(String), 9(Long), {"code":20000,"data":[{"enable":1,"typeBlogCount":0,"typeId":6,"typeName":"java基础知识"}],"msg":"操作成功！"}(String), 192.168.10.11(String)
2021-01-03 14:13:34.957 DEBUG [http-nio-1000-exec-7]com.jg.blog.mapper.LogMapper.save.debug:159 -<==    Updates: 1
2021-01-03 14:13:38.673 DEBUG [http-nio-1000-exec-6]com.jg.blog.mapper.LogMapper.getByPage.debug:159 -==>  Preparing: select log_id, log_url, log_params, log_status, log_message, log_method, log_time, log_result, log_ip, created_time from bl_log limit ?, ? 
2021-01-03 14:13:38.674 DEBUG [http-nio-1000-exec-6]com.jg.blog.mapper.LogMapper.getByPage.debug:159 -==> Parameters: 0(Integer), 10(Integer)
2021-01-03 14:13:38.679 DEBUG [http-nio-1000-exec-6]com.jg.blog.mapper.LogMapper.getByPage.debug:159 -<==      Total: 10
2021-01-03 14:13:38.684 DEBUG [http-nio-1000-exec-6]com.jg.blog.mapper.LogMapper.getCountByPage.debug:159 -==>  Preparing: select count(*) from bl_log 
2021-01-03 14:13:38.684 DEBUG [http-nio-1000-exec-6]com.jg.blog.mapper.LogMapper.getCountByPage.debug:159 -==> Parameters: 
2021-01-03 14:13:38.685 DEBUG [http-nio-1000-exec-6]com.jg.blog.mapper.LogMapper.getCountByPage.debug:159 -<==      Total: 1
2021-01-03 14:13:38.693 DEBUG [http-nio-1000-exec-6]com.jg.blog.mapper.LogMapper.save.debug:159 -==>  Preparing: insert into bl_log( log_url, log_params, log_status, log_message, log_method, log_time, log_result, log_ip ) values ( ?, ?, ?, ?, ?, ?, ?, ? ) 
2021-01-03 14:13:38.694 DEBUG [http-nio-1000-exec-6]com.jg.blog.mapper.LogMapper.save.debug:159 -==> Parameters: /log/getByPage(String), [Page(currentPage=1, pageSize=10, totalPage=0, totalCount=0, list=[], params={}, sortColumn=null, sortMethod=asc)](String), 1(Integer), null, POST(String), 21(Long), {"code":20000,"data":{"currentPage":1,"index":0,"list":[{"createdTime":"2020-12-24 11:06:23","logId":1,"logIp":"192.168.69.137","logMethod":"POST","logParams":"[Admin(id=null, name=null, header=null, signature=null, comment=null, username=admin, password=123456)]","logResult":"{\"code\":40002,\"msg\":\"用户名或密码错误！\"}","logStatus":1,"logTime":26566,"logUrl":"/admin/login"},{"createdTime":"2020-12-24 11:06:42","logId":2,"logIp":"192.168.69.137","logMethod":"POST","logParams":"[Admin(id=null, name=null, header=null, signature=null, comment=null, username=he, password=123456)]","logResult":"{\"code\":40002,\"msg\":\"用户名或密码错误！\"}","logStatus":1,"logTime":16,"logUrl":"/admin/login"},{"createdTime":"2020-12-24 11:09:13","logId":3,"logIp":"192.168.69.137","logMethod":"POST","logParams":"[Admin(id=null, name=null, header=null, signature=null, comment=null, username=he, password=123456)]","logResult":"{\"code\":40002,\"msg\":\"用户名或密码错误！\"}","logStatus":1,"logTime":127310,"logUrl":"/admin/login"},{"createdTime":"2020-12-24 11:09:32","logId":4,"logIp":"192.168.69.137","logMethod":"POST","logParams":"[Admin(id=null, name=null, header=null, signature=null, comment=null, username=admin, password=123456)]","logResult":"{\"code\":20000,\"data\":{\"token\":\"4FF04EE365817DD68B215F95968DAC30\"},\"msg\":\"操作成功！\"}","logStatus":1,"logTime":5320,"logUrl":"/admin/login"},{"createdTime":"2020-12-24 11:10:55","logId":5,"logIp":"192.168.69.137","logMethod":"GET","logParams":"[]","logResult":"{\"code\":20000,\"data\":{\"name\":\"he\",\"password\":\"\",\"username\":\"admin\"},\"msg\":\"操作成功！\"}","logStatus":1,"logTime":1,"logUrl":"/admin/info"},{"createdTime":"2020-12-24 11:24:28","logId":6,"logIp":"192.168.69.137","logMethod":"POST","logParams":"[Admin(id=null, name=null, header=null, signature=null, comment=null, username=admin, password=e10adc3949ba59abbe56e057f20f883e)]","logResult":"{\"code\":40002,\"msg\":\"用户名或密码错误！\"}","logStatus":1,"logTime":20,"logUrl":"/admin/login"},{"createdTime":"2020-12-24 11:26:31","logId":7,"logIp":"127.0.0.1","logMethod":"POST","logParams":"[Admin(id=null, name=null, header=null, signature=null, comment=null, username=admin, password=e10adc3949ba59abbe56e057f20f883e)]","logResult":"{\"code\":40002,\"msg\":\"用户名或密码错误！\"}","logStatus":1,"logTime":10396,"logUrl":"/admin/login"},{"createdTime":"2020-12-24 11:28:31","logId":8,"logIp":"127.0.0.1","logMethod":"POST","logParams":"[Admin(id=null, name=null, header=null, signature=null, comment=null, username=admin, password=123456)]","logResult":"{\"code\":20000,\"data\":{\"token\":\"325CFAD36A27B9B55A812F518E476D4C\"},\"msg\":\"操作成功！\"}","logStatus":1,"logTime":16783,"logUrl":"/admin/login"},{"createdTime":"2020-12-24 11:28:43","logId":9,"logIp":"127.0.0.1","logMethod":"POST","logParams":"[Admin(id=null, name=null, header=null, signature=null, comment=null, username=admin, password=123456)]","logResult":"{\"code\":20000,\"data\":{\"token\":\"070B5FECB1528984D48B1C5BF38EB338\"},\"msg\":\"操作成功！\"}","logStatus":1,"logTime":11,"logUrl":"/admin/login"},{"createdTime":"2020-12-24 11:28:43","logId":10,"logIp":"127.0.0.1","logMethod":"GET","logParams":"[]","logResult":"{\"code\":20000,\"data\":{\"name\":\"he\",\"password\":\"\",\"username\":\"admin\"},\"msg\":\"操作成功！\"}","logStatus":1,"logTime":2,"logUrl":"/admin/info"}],"pageSize":10,"params":{},"sortMethod":"asc","totalCount":185,"totalPage":19},"msg":"操作成功！"}(String), 192.168.10.11(String)
2021-01-03 14:13:38.708 DEBUG [http-nio-1000-exec-6]com.jg.blog.mapper.LogMapper.save.debug:159 -<==    Updates: 1
2021-01-03 14:13:52.330 DEBUG [http-nio-1000-exec-9]com.jg.blog.mapper.LogMapper.getByPage.debug:159 -==>  Preparing: select log_id, log_url, log_params, log_status, log_message, log_method, log_time, log_result, log_ip, created_time from bl_log limit ?, ? 
2021-01-03 14:13:52.331 DEBUG [http-nio-1000-exec-9]com.jg.blog.mapper.LogMapper.getByPage.debug:159 -==> Parameters: 0(Integer), 10(Integer)
2021-01-03 14:13:52.338 DEBUG [http-nio-1000-exec-9]com.jg.blog.mapper.LogMapper.getByPage.debug:159 -<==      Total: 10
2021-01-03 14:13:52.343 DEBUG [http-nio-1000-exec-9]com.jg.blog.mapper.LogMapper.getCountByPage.debug:159 -==>  Preparing: select count(*) from bl_log 
2021-01-03 14:13:52.343 DEBUG [http-nio-1000-exec-9]com.jg.blog.mapper.LogMapper.getCountByPage.debug:159 -==> Parameters: 
2021-01-03 14:13:52.344 DEBUG [http-nio-1000-exec-9]com.jg.blog.mapper.LogMapper.getCountByPage.debug:159 -<==      Total: 1
2021-01-03 14:13:52.350 DEBUG [http-nio-1000-exec-9]com.jg.blog.mapper.LogMapper.save.debug:159 -==>  Preparing: insert into bl_log( log_url, log_params, log_status, log_message, log_method, log_time, log_result, log_ip ) values ( ?, ?, ?, ?, ?, ?, ?, ? ) 
2021-01-03 14:13:52.351 DEBUG [http-nio-1000-exec-9]com.jg.blog.mapper.LogMapper.save.debug:159 -==> Parameters: /log/getByPage(String), [Page(currentPage=1, pageSize=10, totalPage=0, totalCount=0, list=[], params={}, sortColumn=null, sortMethod=asc)](String), 1(Integer), null, POST(String), 19(Long), {"code":20000,"data":{"currentPage":1,"index":0,"list":[{"createdTime":"2020-12-24 11:06:23","logId":1,"logIp":"192.168.69.137","logMethod":"POST","logParams":"[Admin(id=null, name=null, header=null, signature=null, comment=null, username=admin, password=123456)]","logResult":"{\"code\":40002,\"msg\":\"用户名或密码错误！\"}","logStatus":1,"logTime":26566,"logUrl":"/admin/login"},{"createdTime":"2020-12-24 11:06:42","logId":2,"logIp":"192.168.69.137","logMethod":"POST","logParams":"[Admin(id=null, name=null, header=null, signature=null, comment=null, username=he, password=123456)]","logResult":"{\"code\":40002,\"msg\":\"用户名或密码错误！\"}","logStatus":1,"logTime":16,"logUrl":"/admin/login"},{"createdTime":"2020-12-24 11:09:13","logId":3,"logIp":"192.168.69.137","logMethod":"POST","logParams":"[Admin(id=null, name=null, header=null, signature=null, comment=null, username=he, password=123456)]","logResult":"{\"code\":40002,\"msg\":\"用户名或密码错误！\"}","logStatus":1,"logTime":127310,"logUrl":"/admin/login"},{"createdTime":"2020-12-24 11:09:32","logId":4,"logIp":"192.168.69.137","logMethod":"POST","logParams":"[Admin(id=null, name=null, header=null, signature=null, comment=null, username=admin, password=123456)]","logResult":"{\"code\":20000,\"data\":{\"token\":\"4FF04EE365817DD68B215F95968DAC30\"},\"msg\":\"操作成功！\"}","logStatus":1,"logTime":5320,"logUrl":"/admin/login"},{"createdTime":"2020-12-24 11:10:55","logId":5,"logIp":"192.168.69.137","logMethod":"GET","logParams":"[]","logResult":"{\"code\":20000,\"data\":{\"name\":\"he\",\"password\":\"\",\"username\":\"admin\"},\"msg\":\"操作成功！\"}","logStatus":1,"logTime":1,"logUrl":"/admin/info"},{"createdTime":"2020-12-24 11:24:28","logId":6,"logIp":"192.168.69.137","logMethod":"POST","logParams":"[Admin(id=null, name=null, header=null, signature=null, comment=null, username=admin, password=e10adc3949ba59abbe56e057f20f883e)]","logResult":"{\"code\":40002,\"msg\":\"用户名或密码错误！\"}","logStatus":1,"logTime":20,"logUrl":"/admin/login"},{"createdTime":"2020-12-24 11:26:31","logId":7,"logIp":"127.0.0.1","logMethod":"POST","logParams":"[Admin(id=null, name=null, header=null, signature=null, comment=null, username=admin, password=e10adc3949ba59abbe56e057f20f883e)]","logResult":"{\"code\":40002,\"msg\":\"用户名或密码错误！\"}","logStatus":1,"logTime":10396,"logUrl":"/admin/login"},{"createdTime":"2020-12-24 11:28:31","logId":8,"logIp":"127.0.0.1","logMethod":"POST","logParams":"[Admin(id=null, name=null, header=null, signature=null, comment=null, username=admin, password=123456)]","logResult":"{\"code\":20000,\"data\":{\"token\":\"325CFAD36A27B9B55A812F518E476D4C\"},\"msg\":\"操作成功！\"}","logStatus":1,"logTime":16783,"logUrl":"/admin/login"},{"createdTime":"2020-12-24 11:28:43","logId":9,"logIp":"127.0.0.1","logMethod":"POST","logParams":"[Admin(id=null, name=null, header=null, signature=null, comment=null, username=admin, password=123456)]","logResult":"{\"code\":20000,\"data\":{\"token\":\"070B5FECB1528984D48B1C5BF38EB338\"},\"msg\":\"操作成功！\"}","logStatus":1,"logTime":11,"logUrl":"/admin/login"},{"createdTime":"2020-12-24 11:28:43","logId":10,"logIp":"127.0.0.1","logMethod":"GET","logParams":"[]","logResult":"{\"code\":20000,\"data\":{\"name\":\"he\",\"password\":\"\",\"username\":\"admin\"},\"msg\":\"操作成功！\"}","logStatus":1,"logTime":2,"logUrl":"/admin/info"}],"pageSize":10,"params":{},"sortMethod":"asc","totalCount":186,"totalPage":19},"msg":"操作成功！"}(String), 192.168.10.11(String)
2021-01-03 14:13:52.361 DEBUG [http-nio-1000-exec-9]com.jg.blog.mapper.LogMapper.save.debug:159 -<==    Updates: 1
2021-01-03 14:13:58.028 DEBUG [http-nio-1000-exec-8]com.jg.blog.mapper.LogMapper.getByPage.debug:159 -==>  Preparing: select log_id, log_url, log_params, log_status, log_message, log_method, log_time, log_result, log_ip, created_time from bl_log limit ?, ? 
2021-01-03 14:13:58.029 DEBUG [http-nio-1000-exec-8]com.jg.blog.mapper.LogMapper.getByPage.debug:159 -==> Parameters: 10(Integer), 10(Integer)
2021-01-03 14:13:58.033 DEBUG [http-nio-1000-exec-8]com.jg.blog.mapper.LogMapper.getByPage.debug:159 -<==      Total: 10
2021-01-03 14:13:58.038 DEBUG [http-nio-1000-exec-8]com.jg.blog.mapper.LogMapper.getCountByPage.debug:159 -==>  Preparing: select count(*) from bl_log 
2021-01-03 14:13:58.038 DEBUG [http-nio-1000-exec-8]com.jg.blog.mapper.LogMapper.getCountByPage.debug:159 -==> Parameters: 
2021-01-03 14:13:58.039 DEBUG [http-nio-1000-exec-8]com.jg.blog.mapper.LogMapper.getCountByPage.debug:159 -<==      Total: 1
2021-01-03 14:13:58.043 DEBUG [http-nio-1000-exec-8]com.jg.blog.mapper.LogMapper.save.debug:159 -==>  Preparing: insert into bl_log( log_url, log_params, log_status, log_message, log_method, log_time, log_result, log_ip ) values ( ?, ?, ?, ?, ?, ?, ?, ? ) 
2021-01-03 14:13:58.044 DEBUG [http-nio-1000-exec-8]com.jg.blog.mapper.LogMapper.save.debug:159 -==> Parameters: /log/getByPage(String), [Page(currentPage=2, pageSize=10, totalPage=19, totalCount=186, list=[Log(logId=1, logUrl=/admin/login, logParams=[Admin(id=null, name=null, header=null, signature=null, comment=null, username=admin, password=123456)], logStatus=1, logMessage=null, logMethod=POST, logTime=26566, logResult={"code":40002,"msg":"用户名或密码错误！"}, logIp=192.168.69.137, createdTime=2020-12-24 11:06:23), Log(logId=2, logUrl=/admin/login, logParams=[Admin(id=null, name=null, header=null, signature=null, comment=null, username=he, password=123456)], logStatus=1, logMessage=null, logMethod=POST, logTime=16, logResult={"code":40002,"msg":"用户名或密码错误！"}, logIp=192.168.69.137, createdTime=2020-12-24 11:06:42), Log(logId=3, logUrl=/admin/login, logParams=[Admin(id=null, name=null, header=null, signature=null, comment=null, username=he, password=123456)], logStatus=1, logMessage=null, logMethod=POST, logTime=127310, logResult={"code":40002,"msg":"用户名或密码错误！"}, logIp=192.168.69.137, createdTime=2020-12-24 11:09:13), Log(logId=4, logUrl=/admin/login, logParams=[Admin(id=null, name=null, header=null, signature=null, comment=null, username=admin, password=123456)], logStatus=1, logMessage=null, logMethod=POST, logTime=5320, logResult={"code":20000,"data":{"token":"4FF04EE365817DD68B215F95968DAC30"},"msg":"操作成功！"}, logIp=192.168.69.137, createdTime=2020-12-24 11:09:32), Log(logId=5, logUrl=/admin/info, logParams=[], logStatus=1, logMessage=null, logMethod=GET, logTime=1, logResult={"code":20000,"data":{"name":"he","password":"","username":"admin"},"msg":"操作成功！"}, logIp=192.168.69.137, createdTime=2020-12-24 11:10:55), Log(logId=6, logUrl=/admin/login, logParams=[Admin(id=null, name=null, header=null, signature=null, comment=null, username=admin, password=e10adc3949ba59abbe56e057f20f883e)], logStatus=1, logMessage=null, logMethod=POST, logTime=20, logResult={"code":40002,"msg":"用户名或密码错误！"}, logIp=192.168.69.137, createdTime=2020-12-24 11:24:28), Log(logId=7, logUrl=/admin/login, logParams=[Admin(id=null, name=null, header=null, signature=null, comment=null, username=admin, password=e10adc3949ba59abbe56e057f20f883e)], logStatus=1, logMessage=null, logMethod=POST, logTime=10396, logResult={"code":40002,"msg":"用户名或密码错误！"}, logIp=127.0.0.1, createdTime=2020-12-24 11:26:31), Log(logId=8, logUrl=/admin/login, logParams=[Admin(id=null, name=null, header=null, signature=null, comment=null, username=admin, password=123456)], logStatus=1, logMessage=null, logMethod=POST, logTime=16783, logResult={"code":20000,"data":{"token":"325CFAD36A27B9B55A812F518E476D4C"},"msg":"操作成功！"}, logIp=127.0.0.1, createdTime=2020-12-24 11:28:31), Log(logId=9, logUrl=/admin/login, logParams=[Admin(id=null, name=null, header=null, signature=null, comment=null, username=admin, password=123456)], logStatus=1, logMessage=null, logMethod=POST, logTime=11, logResult={"code":20000,"data":{"token":"070B5FECB1528984D48B1C5BF38EB338"},"msg":"操作成功！"}, logIp=127.0.0.1, createdTime=2020-12-24 11:28:43), Log(logId=10, logUrl=/admin/info, logParams=[], logStatus=1, logMessage=null, logMethod=GET, logTime=2, logResult={"code":20000,"data":{"name":"he","password":"","username":"admin"},"msg":"操作成功！"}, logIp=127.0.0.1, createdTime=2020-12-24 11:28:43)], params={}, sortColumn=null, sortMethod=asc)](String), 1(Integer), null, POST(String), 17(Long), {"code":20000,"data":{"currentPage":2,"index":10,"list":[{"createdTime":"2020-12-24 11:31:21","logId":11,"logIp":"127.0.0.1","logMethod":"GET","logParams":"[]","logResult":"{\"code\":20000,\"data\":{\"id\":1,\"name\":\"he\",\"username\":\"admin\"},\"msg\":\"操作成功！\"}","logStatus":1,"logTime":10,"logUrl":"/admin/getAdmin"},{"createdTime":"2020-12-24 11:33:21","logId":12,"logIp":"127.0.0.1","logMethod":"GET","logParams":"[]","logResult":"{\"code\":20000,\"data\":{\"name\":\"he\",\"password\":\"\",\"username\":\"admin\"},\"msg\":\"操作成功！\"}","logStatus":1,"logTime":2,"logUrl":"/admin/info"},{"createdTime":"2020-12-24 11:35:21","logId":13,"logIp":"127.0.0.1","logMethod":"POST","logParams":"[Admin(id=null, name=null, header=null, signature=null, comment=null, username=admin, password=123456)]","logResult":"{\"code\":20000,\"data\":{\"token\":\"070B5FECB1528984D48B1C5BF38EB338\"},\"msg\":\"操作成功！\"}","logStatus":1,"logTime":11,"logUrl":"/admin/login"},{"createdTime":"2020-12-24 11:36:13","logId":14,"logIp":"127.0.0.1","logMethod":"POST","logParams":"[Admin(id=null, name=null, header=null, signature=null, comment=null, username=admin, password=123456)]","logResult":"{\"code\":20000,\"data\":{\"token\":\"070B5FECB1528984D48B1C5BF38EB338\"},\"msg\":\"操作成功！\"}","logStatus":1,"logTime":11,"logUrl":"/admin/login"},{"createdTime":"2020-12-24 11:40:29","logId":15,"logIp":"127.0.0.1","logMethod":"GET","logParams":"[]","logResult":"{\"code\":20000,\"data\":{\"name\":\"he\",\"password\":\"\",\"username\":\"admin\"},\"msg\":\"操作成功！\"}","logStatus":1,"logTime":3,"logUrl":"/admin/info"},{"createdTime":"2020-12-24 13:39:45","logId":16,"logIp":"127.0.0.1","logMethod":"POST","logParams":"[Admin(id=null, name=null, header=null, signature=null, comment=null, username=admin, password=123456)]","logResult":"{\"code\":20000,\"data\":{\"token\":\"8112AEB78469053EA6B3408AFC842E6F\"},\"msg\":\"操作成功！\"}","logStatus":1,"logTime":17,"logUrl":"/admin/login"},{"createdTime":"2020-12-24 13:50:56","logId":17,"logIp":"127.0.0.1","logMethod":"POST","logParams":"[Admin(id=null, name=null, header=null, signature=null, comment=null, username=admin, password=123456)]","logResult":"{\"code\":20000,\"data\":{\"token\":\"8112AEB78469053EA6B3408AFC842E6F\"},\"msg\":\"操作成功！\"}","logStatus":1,"logTime":17,"logUrl":"/admin/login"},{"createdTime":"2020-12-24 13:52:43","logId":18,"logIp":"127.0.0.1","logMethod":"POST","logParams":"[Admin(id=null, name=null, header=null, signature=null, comment=null, username=admin, password=123456)]","logResult":"{\"code\":20000,\"data\":{\"token\":\"8112AEB78469053EA6B3408AFC842E6F\"},\"msg\":\"操作成功！\"}","logStatus":1,"logTime":12,"logUrl":"/admin/login"},{"createdTime":"2020-12-24 13:52:51","logId":19,"logIp":"127.0.0.1","logMethod":"GET","logParams":"[]","logResult":"{\"code\":20000,\"data\":{\"name\":\"he\",\"password\":\"\",\"username\":\"admin\"},\"msg\":\"操作成功！\"}","logStatus":1,"logTime":3,"logUrl":"/admin/info"},{"createdTime":"2020-12-24 14:01:47","logId":20,"logIp":"127.0.0.1","logMethod":"GET","logParams":"[]","logResult":"{\"code\":20000,\"data\":{\"name\":\"he\",\"password\":\"\",\"username\":\"admin\"},\"msg\":\"操作成功！\"}","logStatus":1,"logTime":2,"logUrl":"/admin/info"}],"pageSize":10,"params":{},"sortMethod":"asc","totalCount":187,"totalPage":19},"msg":"操作成功！"}(String), 192.168.10.11(String)
2021-01-03 14:13:58.055 DEBUG [http-nio-1000-exec-8]com.jg.blog.mapper.LogMapper.save.debug:159 -<==    Updates: 1
2021-01-03 14:13:59.339 DEBUG [http-nio-1000-exec-2]com.jg.blog.mapper.LogMapper.getByPage.debug:159 -==>  Preparing: select log_id, log_url, log_params, log_status, log_message, log_method, log_time, log_result, log_ip, created_time from bl_log limit ?, ? 
2021-01-03 14:13:59.340 DEBUG [http-nio-1000-exec-2]com.jg.blog.mapper.LogMapper.getByPage.debug:159 -==> Parameters: 20(Integer), 10(Integer)
2021-01-03 14:13:59.343 DEBUG [http-nio-1000-exec-2]com.jg.blog.mapper.LogMapper.getByPage.debug:159 -<==      Total: 10
2021-01-03 14:13:59.347 DEBUG [http-nio-1000-exec-2]com.jg.blog.mapper.LogMapper.getCountByPage.debug:159 -==>  Preparing: select count(*) from bl_log 
2021-01-03 14:13:59.348 DEBUG [http-nio-1000-exec-2]com.jg.blog.mapper.LogMapper.getCountByPage.debug:159 -==> Parameters: 
2021-01-03 14:13:59.349 DEBUG [http-nio-1000-exec-2]com.jg.blog.mapper.LogMapper.getCountByPage.debug:159 -<==      Total: 1
2021-01-03 14:13:59.354 DEBUG [http-nio-1000-exec-2]com.jg.blog.mapper.LogMapper.save.debug:159 -==>  Preparing: insert into bl_log( log_url, log_params, log_status, log_message, log_method, log_time, log_result, log_ip ) values ( ?, ?, ?, ?, ?, ?, ?, ? ) 
2021-01-03 14:13:59.355 DEBUG [http-nio-1000-exec-2]com.jg.blog.mapper.LogMapper.save.debug:159 -==> Parameters: /log/getByPage(String), [Page(currentPage=3, pageSize=10, totalPage=19, totalCount=187, list=[Log(logId=11, logUrl=/admin/getAdmin, logParams=[], logStatus=1, logMessage=null, logMethod=GET, logTime=10, logResult={"code":20000,"data":{"id":1,"name":"he","username":"admin"},"msg":"操作成功！"}, logIp=127.0.0.1, createdTime=2020-12-24 11:31:21), Log(logId=12, logUrl=/admin/info, logParams=[], logStatus=1, logMessage=null, logMethod=GET, logTime=2, logResult={"code":20000,"data":{"name":"he","password":"","username":"admin"},"msg":"操作成功！"}, logIp=127.0.0.1, createdTime=2020-12-24 11:33:21), Log(logId=13, logUrl=/admin/login, logParams=[Admin(id=null, name=null, header=null, signature=null, comment=null, username=admin, password=123456)], logStatus=1, logMessage=null, logMethod=POST, logTime=11, logResult={"code":20000,"data":{"token":"070B5FECB1528984D48B1C5BF38EB338"},"msg":"操作成功！"}, logIp=127.0.0.1, createdTime=2020-12-24 11:35:21), Log(logId=14, logUrl=/admin/login, logParams=[Admin(id=null, name=null, header=null, signature=null, comment=null, username=admin, password=123456)], logStatus=1, logMessage=null, logMethod=POST, logTime=11, logResult={"code":20000,"data":{"token":"070B5FECB1528984D48B1C5BF38EB338"},"msg":"操作成功！"}, logIp=127.0.0.1, createdTime=2020-12-24 11:36:13), Log(logId=15, logUrl=/admin/info, logParams=[], logStatus=1, logMessage=null, logMethod=GET, logTime=3, logResult={"code":20000,"data":{"name":"he","password":"","username":"admin"},"msg":"操作成功！"}, logIp=127.0.0.1, createdTime=2020-12-24 11:40:29), Log(logId=16, logUrl=/admin/login, logParams=[Admin(id=null, name=null, header=null, signature=null, comment=null, username=admin, password=123456)], logStatus=1, logMessage=null, logMethod=POST, logTime=17, logResult={"code":20000,"data":{"token":"8112AEB78469053EA6B3408AFC842E6F"},"msg":"操作成功！"}, logIp=127.0.0.1, createdTime=2020-12-24 13:39:45), Log(logId=17, logUrl=/admin/login, logParams=[Admin(id=null, name=null, header=null, signature=null, comment=null, username=admin, password=123456)], logStatus=1, logMessage=null, logMethod=POST, logTime=17, logResult={"code":20000,"data":{"token":"8112AEB78469053EA6B3408AFC842E6F"},"msg":"操作成功！"}, logIp=127.0.0.1, createdTime=2020-12-24 13:50:56), Log(logId=18, logUrl=/admin/login, logParams=[Admin(id=null, name=null, header=null, signature=null, comment=null, username=admin, password=123456)], logStatus=1, logMessage=null, logMethod=POST, logTime=12, logResult={"code":20000,"data":{"token":"8112AEB78469053EA6B3408AFC842E6F"},"msg":"操作成功！"}, logIp=127.0.0.1, createdTime=2020-12-24 13:52:43), Log(logId=19, logUrl=/admin/info, logParams=[], logStatus=1, logMessage=null, logMethod=GET, logTime=3, logResult={"code":20000,"data":{"name":"he","password":"","username":"admin"},"msg":"操作成功！"}, logIp=127.0.0.1, createdTime=2020-12-24 13:52:51), Log(logId=20, logUrl=/admin/info, logParams=[], logStatus=1, logMessage=null, logMethod=GET, logTime=2, logResult={"code":20000,"data":{"name":"he","password":"","username":"admin"},"msg":"操作成功！"}, logIp=127.0.0.1, createdTime=2020-12-24 14:01:47)], params={}, sortColumn=null, sortMethod=asc)](String), 1(Integer), null, POST(String), 16(Long), {"code":20000,"data":{"currentPage":3,"index":20,"list":[{"createdTime":"2020-12-24 14:06:39","logId":21,"logIp":"127.0.0.1","logMethod":"POST","logParams":"[Admin(id=null, name=null, header=null, signature=null, comment=null, username=admin, password=123456)]","logResult":"{\"code\":20000,\"data\":{\"token\":\"8112AEB78469053EA6B3408AFC842E6F\"},\"msg\":\"操作成功！\"}","logStatus":1,"logTime":13,"logUrl":"/admin/login"},{"createdTime":"2020-12-24 14:06:39","logId":22,"logIp":"127.0.0.1","logMethod":"GET","logParams":"[]","logResult":"{\"code\":20000,\"data\":{\"name\":\"he\",\"password\":\"\",\"username\":\"admin\"},\"msg\":\"操作成功！\"}","logStatus":1,"logTime":2,"logUrl":"/admin/info"},{"createdTime":"2020-12-24 14:06:52","logId":23,"logIp":"127.0.0.1","logMethod":"POST","logParams":"[Admin(id=null, name=null, header=null, signature=null, comment=null, username=admin, password=123456)]","logResult":"{\"code\":20000,\"data\":{\"token\":\"8112AEB78469053EA6B3408AFC842E6F\"},\"msg\":\"操作成功！\"}","logStatus":1,"logTime":13,"logUrl":"/admin/login"},{"createdTime":"2020-12-24 14:06:52","logId":24,"logIp":"127.0.0.1","logMethod":"GET","logParams":"[]","logResult":"{\"code\":20000,\"data\":{\"name\":\"he\",\"password\":\"\",\"username\":\"admin\"},\"msg\":\"操作成功！\"}","logStatus":1,"logTime":3,"logUrl":"/admin/info"},{"createdTime":"2020-12-24 14:07:54","logId":25,"logIp":"127.0.0.1","logMethod":"POST","logParams":"[Admin(id=null, name=null, header=null, signature=null, comment=null, username=admin, password=123456)]","logResult":"{\"code\":20000,\"data\":{\"token\":\"8112AEB78469053EA6B3408AFC842E6F\"},\"msg\":\"操作成功！\"}","logStatus":1,"logTime":41,"logUrl":"/admin/login"},{"createdTime":"2020-12-24 14:08:03","logId":26,"logIp":"127.0.0.1","logMethod":"GET","logParams":"[]","logResult":"{\"code\":20000,\"data\":{\"name\":\"he\",\"password\":\"\",\"username\":\"admin\"},\"msg\":\"操作成功！\"}","logStatus":1,"logTime":2,"logUrl":"/admin/info"},{"createdTime":"2020-12-24 14:08:12","logId":27,"logIp":"127.0.0.1","logMethod":"POST","logParams":"[Admin(id=null, name=null, header=null, signature=null, comment=null, username=admin, password=123456)]","logResult":"{\"code\":20000,\"data\":{\"token\":\"8112AEB78469053EA6B3408AFC842E6F\"},\"msg\":\"操作成功！\"}","logStatus":1,"logTime":11,"logUrl":"/admin/login"},{"createdTime":"2020-12-24 14:20:38","logId":28,"logIp":"127.0.0.1","logMethod":"GET","logParams":"[]","logResult":"{\"code\":20000,\"data\":{\"name\":\"he\",\"password\":\"\",\"username\":\"admin\"},\"msg\":\"操作成功！\"}","logStatus":1,"logTime":3,"logUrl":"/admin/info"},{"createdTime":"2020-12-24 14:20:39","logId":29,"logIp":"127.0.0.1","logMethod":"GET","logParams":"[]","logResult":"{\"code\":20000,\"data\":{\"name\":\"he\",\"password\":\"\",\"username\":\"admin\"},\"msg\":\"操作成功！\"}","logStatus":1,"logTime":4,"logUrl":"/admin/info"},{"createdTime":"2020-12-24 14:24:20","logId":30,"logIp":"127.0.0.1","logMethod":"GET","logParams":"[]","logResult":"{\"code\":20000,\"data\":{\"id\":1,\"name\":\"he\",\"username\":\"admin\"},\"msg\":\"操作成功！\"}","logStatus":1,"logTime":30,"logUrl":"/admin/getAdmin"}],"pageSize":10,"params":{},"sortMethod":"asc","totalCount":188,"totalPage":19},"msg":"操作成功！"}(String), 192.168.10.11(String)
2021-01-03 14:13:59.368 DEBUG [http-nio-1000-exec-2]com.jg.blog.mapper.LogMapper.save.debug:159 -<==    Updates: 1
2021-01-03 14:15:41.260 DEBUG [http-nio-1000-exec-4]com.jg.blog.mapper.TypeMapper.getAll.debug:159 -==>  Preparing: select type_id, type_name, type_blog_count, enable from bl_type where deleted = 0 
2021-01-03 14:15:41.261 DEBUG [http-nio-1000-exec-4]com.jg.blog.mapper.TypeMapper.getAll.debug:159 -==> Parameters: 
2021-01-03 14:15:41.263 DEBUG [http-nio-1000-exec-4]com.jg.blog.mapper.TypeMapper.getAll.debug:159 -<==      Total: 1
2021-01-03 14:15:41.269 DEBUG [http-nio-1000-exec-4]com.jg.blog.mapper.LogMapper.save.debug:159 -==>  Preparing: insert into bl_log( log_url, log_params, log_status, log_message, log_method, log_time, log_result, log_ip ) values ( ?, ?, ?, ?, ?, ?, ?, ? ) 
2021-01-03 14:15:41.272 DEBUG [http-nio-1000-exec-4]com.jg.blog.mapper.LogMapper.save.debug:159 -==> Parameters: /type/listBack(String), [](String), 1(Integer), null, GET(String), 31565(Long), {"code":20000,"data":[{"enable":1,"typeBlogCount":0,"typeId":6,"typeName":"java基础知识"}],"msg":"操作成功！"}(String), 192.168.10.11(String)
2021-01-03 14:15:41.282 DEBUG [http-nio-1000-exec-4]com.jg.blog.mapper.LogMapper.save.debug:159 -<==    Updates: 1
2021-01-03 14:17:03.676 DEBUG [http-nio-1000-exec-1]com.jg.blog.mapper.BlogMapper.getByPage.debug:159 -==>  Preparing: select blog_id, blog_title, blog_image, blog_goods, blog_read, blog_collection, blog_remark, blog_comment, blog_source, created_time, update_time,type_name from bl_blog as b inner join bl_type as t on type_id = blog_type where t.deleted = 0 and b.deleted = 0 limit ?, ? 
2021-01-03 14:17:03.677 DEBUG [http-nio-1000-exec-1]com.jg.blog.mapper.BlogMapper.getByPage.debug:159 -==> Parameters: 0(Integer), 10(Integer)
2021-01-03 14:17:03.678 DEBUG [http-nio-1000-exec-1]com.jg.blog.mapper.BlogMapper.getByPage.debug:159 -<==      Total: 0
2021-01-03 14:17:03.679 DEBUG [http-nio-1000-exec-1]com.jg.blog.mapper.BlogMapper.getCountByPage.debug:159 -==>  Preparing: select count(*) from bl_blog as b inner join bl_type as t on type_id = blog_type where t.deleted = 0 and b.deleted = 0 
2021-01-03 14:17:03.680 DEBUG [http-nio-1000-exec-1]com.jg.blog.mapper.BlogMapper.getCountByPage.debug:159 -==> Parameters: 
2021-01-03 14:17:03.681 DEBUG [http-nio-1000-exec-1]com.jg.blog.mapper.BlogMapper.getCountByPage.debug:159 -<==      Total: 1
2021-01-03 14:17:27.067 DEBUG [http-nio-1000-exec-3]com.jg.blog.mapper.TypeMapper.getAll.debug:159 -==>  Preparing: select type_id, type_name, type_blog_count, enable from bl_type where deleted = 0 
2021-01-03 14:17:27.072 DEBUG [http-nio-1000-exec-1]com.jg.blog.mapper.LogMapper.save.debug:159 -==>  Preparing: insert into bl_log( log_url, log_params, log_status, log_message, log_method, log_time, log_result, log_ip ) values ( ?, ?, ?, ?, ?, ?, ?, ? ) 
2021-01-03 14:17:27.072 DEBUG [http-nio-1000-exec-1]com.jg.blog.mapper.LogMapper.save.debug:159 -==> Parameters: /blog/getByPage(String), [Page(currentPage=1, pageSize=10, totalPage=0, totalCount=0, list=[], params={}, sortColumn=null, sortMethod=asc)](String), 1(Integer), null, POST(String), 11560(Long), {"code":20000,"data":{"currentPage":1,"index":0,"list":[],"pageSize":10,"params":{},"sortMethod":"asc","totalCount":0,"totalPage":0},"msg":"操作成功！"}(String), 192.168.10.11(String)
2021-01-03 14:17:27.072 DEBUG [http-nio-1000-exec-3]com.jg.blog.mapper.TypeMapper.getAll.debug:159 -==> Parameters: 
2021-01-03 14:17:27.075 DEBUG [http-nio-1000-exec-3]com.jg.blog.mapper.TypeMapper.getAll.debug:159 -<==      Total: 1
2021-01-03 14:17:32.808 DEBUG [http-nio-1000-exec-3]com.jg.blog.mapper.LogMapper.save.debug:159 -==>  Preparing: insert into bl_log( log_url, log_params, log_status, log_message, log_method, log_time, log_result, log_ip ) values ( ?, ?, ?, ?, ?, ?, ?, ? ) 
2021-01-03 14:17:32.809 DEBUG [http-nio-1000-exec-3]com.jg.blog.mapper.LogMapper.save.debug:159 -==> Parameters: /type/listBack(String), [](String), 1(Integer), null, GET(String), 23362(Long), {"code":20000,"data":[{"enable":1,"typeBlogCount":0,"typeId":6,"typeName":"java基础知识"}],"msg":"操作成功！"}(String), 192.168.10.11(String)
2021-01-03 14:17:32.810 DEBUG [http-nio-1000-exec-1]com.jg.blog.mapper.LogMapper.save.debug:159 -<==    Updates: 1
2021-01-03 14:17:32.891 DEBUG [http-nio-1000-exec-3]com.jg.blog.mapper.LogMapper.save.debug:159 -<==    Updates: 1
